FL-experiment | INFO flwr 2024-03-07 03:57:36,438 | main.py:37 | Config: INCENTIVES_ON=True, IPFS_ON=True, NUM_CLIENTS=10, NUM_ROUNDS=1
FL-experiment | INFO flwr 2024-03-07 03:57:36,438 | main.py:38 | Start Experiment
FL-experiment | INFO flwr 2024-03-07 03:57:36,438 | main.py:44 | Start opening channels
FL-experiment | INFO flwr 2024-03-07 04:00:05,047 | main.py:46 | Done opening channels
FL-experiment | DEBUG flwr 2024-03-07 04:00:05,885 | server.py:111 | File: storage/init_model_1a678f76-f67b-4e4a-931e-81b3be5c5910.pkl IPFS file hash: QmYUBJMBS6NpH6Dunn1PLGdqVpMmL3EHvohP98tqWMJdst
FL-experiment | INFO flwr 2024-03-07 04:00:05,885 | server.py:35 | Start Round=1
FL-experiment | INFO flwr 2024-03-07 04:00:05,885 | server.py:42 | Start sharing model with perun nodes
FL-experiment | INFO flwr 2024-03-07 04:00:05,885 | server.py:45 | PERUN REQUEST: Sharing model with peer_0, REQ=set,peer_0,1,1,0,0,0
FL-experiment | INFO flwr 2024-03-07 04:00:05,899 | server.py:45 | PERUN REQUEST: Sharing model with peer_1, REQ=set,peer_1,1,1,0,0,0
FL-experiment | INFO flwr 2024-03-07 04:00:05,904 | server.py:45 | PERUN REQUEST: Sharing model with peer_2, REQ=set,peer_2,1,1,0,0,0
FL-experiment | INFO flwr 2024-03-07 04:00:05,907 | server.py:45 | PERUN REQUEST: Sharing model with peer_3, REQ=set,peer_3,1,1,0,0,0
FL-experiment | INFO flwr 2024-03-07 04:00:05,909 | server.py:45 | PERUN REQUEST: Sharing model with peer_4, REQ=set,peer_4,1,1,0,0,0
FL-experiment | INFO flwr 2024-03-07 04:00:05,911 | server.py:45 | PERUN REQUEST: Sharing model with peer_5, REQ=set,peer_5,1,1,0,0,0
FL-experiment | INFO flwr 2024-03-07 04:00:05,913 | server.py:45 | PERUN REQUEST: Sharing model with peer_6, REQ=set,peer_6,1,1,0,0,0
FL-experiment | INFO flwr 2024-03-07 04:00:05,916 | server.py:45 | PERUN REQUEST: Sharing model with peer_7, REQ=set,peer_7,1,1,0,0,0
FL-experiment | INFO flwr 2024-03-07 04:00:05,919 | server.py:45 | PERUN REQUEST: Sharing model with peer_8, REQ=set,peer_8,1,1,0,0,0
FL-experiment | INFO flwr 2024-03-07 04:00:05,923 | server.py:45 | PERUN REQUEST: Sharing model with peer_9, REQ=set,peer_9,1,1,0,0,0
FL-experiment | INFO flwr 2024-03-07 04:00:05,926 | server.py:48 | Done sharing model with perun nodes
FL-experiment | INFO flwr 2024-03-07 04:00:05,927 | app.py:163 | Starting Flower server, config: ServerConfig(num_rounds=1, round_timeout=None)
FL-experiment | INFO flwr 2024-03-07 04:00:05,940 | app.py:176 | Flower ECE: gRPC server running (1 rounds), SSL is disabled
FL-experiment | INFO flwr 2024-03-07 04:00:05,941 | server.py:89 | Initializing global parameters
FL-experiment | INFO flwr 2024-03-07 04:00:05,941 | server.py:276 | Requesting initial parameters from one random client
FL-experiment | INFO flwr 2024-03-07 04:00:14,556 | grpc.py:52 | Opened insecure gRPC connection (no certificates were passed)
FL-experiment | DEBUG flwr 2024-03-07 04:00:14,557 | connection.py:42 | ChannelConnectivity.IDLE
FL-experiment | DEBUG flwr 2024-03-07 04:00:14,557 | connection.py:42 | ChannelConnectivity.CONNECTING
FL-experiment | DEBUG flwr 2024-03-07 04:00:14,557 | connection.py:42 | ChannelConnectivity.READY
FL-experiment | INFO flwr 2024-03-07 04:00:14,619 | server.py:280 | Received initial parameters from one random client
FL-experiment | INFO flwr 2024-03-07 04:00:14,620 | server.py:91 | Evaluating initial parameters
FL-experiment | INFO flwr 2024-03-07 04:00:14,620 | server.py:104 | FL starting
FL-experiment | INFO flwr 2024-03-07 04:00:15,034 | grpc.py:52 | Opened insecure gRPC connection (no certificates were passed)
FL-experiment | DEBUG flwr 2024-03-07 04:00:15,035 | connection.py:42 | ChannelConnectivity.IDLE
FL-experiment | DEBUG flwr 2024-03-07 04:00:15,036 | connection.py:42 | ChannelConnectivity.READY
FL-experiment | INFO flwr 2024-03-07 04:00:15,045 | grpc.py:52 | Opened insecure gRPC connection (no certificates were passed)
FL-experiment | DEBUG flwr 2024-03-07 04:00:15,047 | connection.py:42 | ChannelConnectivity.IDLE
FL-experiment | INFO flwr 2024-03-07 04:00:15,050 | grpc.py:52 | Opened insecure gRPC connection (no certificates were passed)
FL-experiment | INFO flwr 2024-03-07 04:00:15,050 | grpc.py:52 | Opened insecure gRPC connection (no certificates were passed)
FL-experiment | DEBUG flwr 2024-03-07 04:00:15,056 | connection.py:42 | ChannelConnectivity.READY
FL-experiment | DEBUG flwr 2024-03-07 04:00:15,052 | connection.py:42 | ChannelConnectivity.IDLE
FL-experiment | DEBUG flwr 2024-03-07 04:00:15,060 | connection.py:42 | ChannelConnectivity.READY
FL-experiment | DEBUG flwr 2024-03-07 04:00:15,061 | connection.py:42 | ChannelConnectivity.IDLE
FL-experiment | DEBUG flwr 2024-03-07 04:00:15,062 | connection.py:42 | ChannelConnectivity.READY
FL-experiment | INFO flwr 2024-03-07 04:00:15,109 | grpc.py:52 | Opened insecure gRPC connection (no certificates were passed)
FL-experiment | DEBUG flwr 2024-03-07 04:00:15,110 | connection.py:42 | ChannelConnectivity.IDLE
FL-experiment | DEBUG flwr 2024-03-07 04:00:15,112 | connection.py:42 | ChannelConnectivity.READY
FL-experiment | INFO flwr 2024-03-07 04:00:15,115 | grpc.py:52 | Opened insecure gRPC connection (no certificates were passed)
FL-experiment | INFO flwr 2024-03-07 04:00:15,116 | grpc.py:52 | Opened insecure gRPC connection (no certificates were passed)
FL-experiment | DEBUG flwr 2024-03-07 04:00:15,116 | connection.py:42 | ChannelConnectivity.IDLE
FL-experiment | DEBUG flwr 2024-03-07 04:00:15,117 | connection.py:42 | ChannelConnectivity.CONNECTING
FL-experiment | DEBUG flwr 2024-03-07 04:00:15,117 | connection.py:42 | ChannelConnectivity.IDLE
FL-experiment | DEBUG flwr 2024-03-07 04:00:15,118 | connection.py:42 | ChannelConnectivity.READY
FL-experiment | DEBUG flwr 2024-03-07 04:00:15,118 | connection.py:42 | ChannelConnectivity.CONNECTING
FL-experiment | DEBUG flwr 2024-03-07 04:00:15,119 | connection.py:42 | ChannelConnectivity.READY
FL-experiment | INFO flwr 2024-03-07 04:00:15,122 | grpc.py:52 | Opened insecure gRPC connection (no certificates were passed)
FL-experiment | DEBUG flwr 2024-03-07 04:00:15,123 | connection.py:42 | ChannelConnectivity.IDLE
FL-experiment | DEBUG flwr 2024-03-07 04:00:15,125 | connection.py:42 | ChannelConnectivity.CONNECTING
FL-experiment | DEBUG flwr 2024-03-07 04:00:15,131 | connection.py:42 | ChannelConnectivity.READY
FL-experiment | INFO flwr 2024-03-07 04:00:15,244 | grpc.py:52 | Opened insecure gRPC connection (no certificates were passed)
FL-experiment | DEBUG flwr 2024-03-07 04:00:15,245 | connection.py:42 | ChannelConnectivity.IDLE
FL-experiment | DEBUG flwr 2024-03-07 04:00:15,246 | connection.py:42 | ChannelConnectivity.READY
FL-experiment | DEBUG flwr 2024-03-07 04:00:15,246 | server.py:222 | fit_round 1: strategy sampled 10 clients (out of 10)
FL-experiment | INFO flwr 2024-03-07 04:00:15,249 | client.py:126 | Start Training client=4
FL-experiment | INFO flwr 2024-03-07 04:00:15,249 | client.py:126 | Start Training client=0
FL-experiment | INFO flwr 2024-03-07 04:00:15,249 | client.py:126 | Start Training client=8
FL-experiment | INFO flwr 2024-03-07 04:00:15,250 | client.py:126 | Start Training client=3
FL-experiment | INFO flwr 2024-03-07 04:00:15,251 | client.py:126 | Start Training client=2
FL-experiment | INFO flwr 2024-03-07 04:00:15,251 | client.py:126 | Start Training client=6
FL-experiment | INFO flwr 2024-03-07 04:00:15,253 | client.py:126 | Start Training client=1
FL-experiment | INFO flwr 2024-03-07 04:00:15,253 | client.py:126 | Start Training client=9
FL-experiment | INFO flwr 2024-03-07 04:00:15,256 | client.py:126 | Start Training client=5
FL-experiment | INFO flwr 2024-03-07 04:00:15,261 | client.py:126 | Start Training client=7
FL-experiment | DEBUG flwr 2024-03-07 04:01:04,630 | client.py:137 | File: storage/updated_weights_0_b2d2296c-bd56-4020-b1d0-0efb9f99e515.pkl IPFS file hash: QmTVQUjhEf9fDPw2y8nmvohzcKUGY89ugc9D4Xqc55iKYN
FL-experiment | INFO flwr 2024-03-07 04:01:04,630 | client.py:139 | Start sending updated weights to the perun node (client=0)
FL-experiment | INFO flwr 2024-03-07 04:01:04,630 | client.py:142 | PERUN REQUEST: Setting weight client=0, REQ=set,peer_10,1,1,10,0,0
FL-experiment | INFO flwr 2024-03-07 04:01:04,639 | client.py:144 | Done sending updated weights to the perun node (client=0)
FL-experiment | INFO flwr 2024-03-07 04:01:04,639 | client.py:147 | Done Training client=0
FL-experiment | DEBUG flwr 2024-03-07 04:01:04,805 | client.py:137 | File: storage/updated_weights_7_9eb0c9d3-8b08-40f3-a0aa-89439e6da646.pkl IPFS file hash: QmbWfFjwPVwyRYQzrCEw8HRM7UcY4U3A5AKWjyyhvvtL5z
FL-experiment | INFO flwr 2024-03-07 04:01:04,805 | client.py:139 | Start sending updated weights to the perun node (client=7)
FL-experiment | INFO flwr 2024-03-07 04:01:04,805 | client.py:142 | PERUN REQUEST: Setting weight client=7, REQ=set,peer_10,1,1,10,0,0
FL-experiment | INFO flwr 2024-03-07 04:01:04,815 | client.py:144 | Done sending updated weights to the perun node (client=7)
FL-experiment | INFO flwr 2024-03-07 04:01:04,815 | client.py:147 | Done Training client=7
FL-experiment | DEBUG flwr 2024-03-07 04:01:04,852 | client.py:137 | File: storage/updated_weights_8_691d0cd7-252b-4a82-9ec8-8a057f4bf320.pkl IPFS file hash: QmRNHCgeNe6GrvyRVGC9b5CSKytWvfStyt18jDdAFKmKwA
FL-experiment | INFO flwr 2024-03-07 04:01:04,852 | client.py:139 | Start sending updated weights to the perun node (client=8)
FL-experiment | INFO flwr 2024-03-07 04:01:04,852 | client.py:142 | PERUN REQUEST: Setting weight client=8, REQ=set,peer_10,1,1,10,0,0
FL-experiment | INFO flwr 2024-03-07 04:01:04,863 | client.py:144 | Done sending updated weights to the perun node (client=8)
FL-experiment | INFO flwr 2024-03-07 04:01:04,863 | client.py:147 | Done Training client=8
FL-experiment | DEBUG flwr 2024-03-07 04:01:04,985 | client.py:137 | File: storage/updated_weights_1_f174a27c-916c-4cc8-8ed8-13728e953a61.pkl IPFS file hash: QmWZoV7CSM5fqadDWBJ4BmZqr2VgCYRLVvhvWRzjAbqJAB
FL-experiment | INFO flwr 2024-03-07 04:01:04,985 | client.py:139 | Start sending updated weights to the perun node (client=1)
FL-experiment | INFO flwr 2024-03-07 04:01:04,985 | client.py:142 | PERUN REQUEST: Setting weight client=1, REQ=set,peer_10,1,1,10,0,0
FL-experiment | INFO flwr 2024-03-07 04:01:04,991 | client.py:144 | Done sending updated weights to the perun node (client=1)
FL-experiment | INFO flwr 2024-03-07 04:01:04,991 | client.py:147 | Done Training client=1
FL-experiment | DEBUG flwr 2024-03-07 04:01:05,074 | client.py:137 | File: storage/updated_weights_9_26e5df9c-953f-4d4f-9eb5-f7f5a48de772.pkl IPFS file hash: QmVaixFywgv2ou7iGx5LGEJnrPScomoCuaa4hSca7sLYgh
FL-experiment | INFO flwr 2024-03-07 04:01:05,074 | client.py:139 | Start sending updated weights to the perun node (client=9)
FL-experiment | INFO flwr 2024-03-07 04:01:05,074 | client.py:142 | PERUN REQUEST: Setting weight client=9, REQ=set,peer_10,1,1,10,0,0
FL-experiment | INFO flwr 2024-03-07 04:01:05,084 | client.py:144 | Done sending updated weights to the perun node (client=9)
FL-experiment | INFO flwr 2024-03-07 04:01:05,084 | client.py:147 | Done Training client=9
FL-experiment | DEBUG flwr 2024-03-07 04:01:05,093 | client.py:137 | File: storage/updated_weights_3_1ed1b158-0ea2-4689-8221-a7dbd5e345cf.pkl IPFS file hash: QmV1H2jWpDSmdz7LWrBzLN3jiausCN3eQWhJ46oK12DeAe
FL-experiment | INFO flwr 2024-03-07 04:01:05,093 | client.py:139 | Start sending updated weights to the perun node (client=3)
FL-experiment | INFO flwr 2024-03-07 04:01:05,093 | client.py:142 | PERUN REQUEST: Setting weight client=3, REQ=set,peer_10,1,1,10,0,0
FL-experiment | INFO flwr 2024-03-07 04:01:05,098 | client.py:144 | Done sending updated weights to the perun node (client=3)
FL-experiment | INFO flwr 2024-03-07 04:01:05,098 | client.py:147 | Done Training client=3
FL-experiment | DEBUG flwr 2024-03-07 04:01:05,162 | client.py:137 | File: storage/updated_weights_5_c4ebe4db-70bc-4065-a6e3-97bdcb6d6f38.pkl IPFS file hash: QmTB1FVshbVm3T1gd2Z9r8fdnrJDQUHyFqyD4fupu2b8hq
FL-experiment | INFO flwr 2024-03-07 04:01:05,162 | client.py:139 | Start sending updated weights to the perun node (client=5)
FL-experiment | INFO flwr 2024-03-07 04:01:05,162 | client.py:142 | PERUN REQUEST: Setting weight client=5, REQ=set,peer_10,1,1,10,0,0
FL-experiment | INFO flwr 2024-03-07 04:01:05,167 | client.py:144 | Done sending updated weights to the perun node (client=5)
FL-experiment | INFO flwr 2024-03-07 04:01:05,167 | client.py:147 | Done Training client=5
FL-experiment | DEBUG flwr 2024-03-07 04:01:05,220 | client.py:137 | File: storage/updated_weights_6_fe4c397b-7a05-4cbb-bc68-c8749ad5b93d.pkl IPFS file hash: Qme8hq3rCTYBb6MGWycS2HB6w8Ddt38zD2dzZk2cTX5KRZ
FL-experiment | INFO flwr 2024-03-07 04:01:05,220 | client.py:139 | Start sending updated weights to the perun node (client=6)
FL-experiment | INFO flwr 2024-03-07 04:01:05,220 | client.py:142 | PERUN REQUEST: Setting weight client=6, REQ=set,peer_10,1,1,10,0,0
FL-experiment | INFO flwr 2024-03-07 04:01:05,235 | client.py:144 | Done sending updated weights to the perun node (client=6)
FL-experiment | INFO flwr 2024-03-07 04:01:05,235 | client.py:147 | Done Training client=6
FL-experiment | DEBUG flwr 2024-03-07 04:01:05,296 | client.py:137 | File: storage/updated_weights_4_39b45fd1-c7f8-4d5f-bfd6-1a03ee16f61a.pkl IPFS file hash: QmXEzBkqMvAcN4uk1BRJr26U8peAXGwfpA4WNrWteFso7P
FL-experiment | INFO flwr 2024-03-07 04:01:05,296 | client.py:139 | Start sending updated weights to the perun node (client=4)
FL-experiment | INFO flwr 2024-03-07 04:01:05,296 | client.py:142 | PERUN REQUEST: Setting weight client=4, REQ=set,peer_10,1,1,10,0,0
FL-experiment | INFO flwr 2024-03-07 04:01:05,302 | client.py:144 | Done sending updated weights to the perun node (client=4)
FL-experiment | INFO flwr 2024-03-07 04:01:05,302 | client.py:147 | Done Training client=4
FL-experiment | DEBUG flwr 2024-03-07 04:01:05,420 | client.py:137 | File: storage/updated_weights_2_5b328633-1e8d-4697-bec0-b6a35c99a16a.pkl IPFS file hash: QmacJf3hp5bRn7bnuifM8HNxBjYEbBouGsR4XQ73fH3ouh
FL-experiment | INFO flwr 2024-03-07 04:01:05,420 | client.py:139 | Start sending updated weights to the perun node (client=2)
FL-experiment | INFO flwr 2024-03-07 04:01:05,420 | client.py:142 | PERUN REQUEST: Setting weight client=2, REQ=set,peer_10,1,1,10,0,0
FL-experiment | INFO flwr 2024-03-07 04:01:05,429 | client.py:144 | Done sending updated weights to the perun node (client=2)
FL-experiment | INFO flwr 2024-03-07 04:01:05,429 | client.py:147 | Done Training client=2
FL-experiment | DEBUG flwr 2024-03-07 04:01:05,430 | server.py:236 | fit_round 1 received 10 results and 0 failures
FL-experiment | INFO flwr 2024-03-07 04:01:05,430 | server.py:52 | Start Aggregating round=1
FL-experiment | WARNING flwr 2024-03-07 04:01:05,439 | fedavg.py:242 | No fit_metrics_aggregation_fn provided
FL-experiment | INFO flwr 2024-03-07 04:01:05,439 | server.py:58 | Start saving aggregated model to storage (round=1)
FL-experiment | DEBUG flwr 2024-03-07 04:01:05,456 | server.py:67 | File: storage/aggregated_model_d8e2ddcc-6a37-4918-8652-38e40ff004ec.pkl IPFS file hash: QmZ3U99dd6DG6pn9gWkFHnoKABBKwwYHoidXwNqtSKh5mr
FL-experiment | INFO flwr 2024-03-07 04:01:05,456 | server.py:70 | Done saving aggregated model to storage (round=1)
FL-experiment | DEBUG flwr 2024-03-07 04:01:05,456 | server.py:173 | evaluate_round 1: strategy sampled 10 clients (out of 10)
FL-experiment | DEBUG flwr 2024-03-07 04:01:09,395 | server.py:187 | evaluate_round 1 received 10 results and 0 failures
FL-experiment | INFO flwr 2024-03-07 04:01:09,395 | server.py:77 | Start evaluating fit round=1
FL-experiment | INFO flwr 2024-03-07 04:01:09,395 | server.py:79 | Done Evaluating fit round=1
FL-experiment | DEBUG flwr 2024-03-07 04:01:09,395 | server.py:80 | Round: 1, Aggregated accuracy: {'accuracy': 0.26193}, Aggregated loss: 646.6154663085938, IPFS hash: QmZ3U99dd6DG6pn9gWkFHnoKABBKwwYHoidXwNqtSKh5mr
FL-experiment | INFO flwr 2024-03-07 04:01:09,395 | server.py:83 | Start sending aggregated model to perun nodes round=1
FL-experiment | INFO flwr 2024-03-07 04:01:09,395 | server.py:86 | PERUN REQUEST: Setting model with peer_0, REQ=set,peer_0,1,1,0,0,99
FL-experiment | INFO flwr 2024-03-07 04:01:09,400 | server.py:86 | PERUN REQUEST: Setting model with peer_1, REQ=set,peer_1,1,1,0,0,99
FL-experiment | INFO flwr 2024-03-07 04:01:09,408 | server.py:86 | PERUN REQUEST: Setting model with peer_2, REQ=set,peer_2,1,1,0,0,99
FL-experiment | INFO flwr 2024-03-07 04:01:09,413 | server.py:86 | PERUN REQUEST: Setting model with peer_3, REQ=set,peer_3,1,1,0,0,99
FL-experiment | INFO flwr 2024-03-07 04:01:09,418 | server.py:86 | PERUN REQUEST: Setting model with peer_4, REQ=set,peer_4,1,1,0,0,99
FL-experiment | INFO flwr 2024-03-07 04:01:09,421 | server.py:86 | PERUN REQUEST: Setting model with peer_5, REQ=set,peer_5,1,1,0,0,99
FL-experiment | INFO flwr 2024-03-07 04:01:09,423 | server.py:86 | PERUN REQUEST: Setting model with peer_6, REQ=set,peer_6,1,1,0,0,99
FL-experiment | INFO flwr 2024-03-07 04:01:09,426 | server.py:86 | PERUN REQUEST: Setting model with peer_7, REQ=set,peer_7,1,1,0,0,99
FL-experiment | INFO flwr 2024-03-07 04:01:09,427 | server.py:86 | PERUN REQUEST: Setting model with peer_8, REQ=set,peer_8,1,1,0,0,99
FL-experiment | INFO flwr 2024-03-07 04:01:09,429 | server.py:86 | PERUN REQUEST: Setting model with peer_9, REQ=set,peer_9,1,1,0,0,99
FL-experiment | INFO flwr 2024-03-07 04:01:09,431 | server.py:93 | Done sending aggregated model to perun nodes round=1
FL-experiment | INFO flwr 2024-03-07 04:01:09,431 | server.py:95 | Done Aggregating round=1
FL-experiment | INFO flwr 2024-03-07 04:01:09,431 | server.py:96 | Done Round=1
FL-experiment | INFO flwr 2024-03-07 04:01:09,431 | server.py:153 | FL finished in 54.811115707999996
FL-experiment | INFO flwr 2024-03-07 04:01:09,431 | app.py:226 | app_fit: losses_distributed [(1, 646.6154663085938)]
FL-experiment | INFO flwr 2024-03-07 04:01:09,431 | app.py:227 | app_fit: metrics_distributed_fit {}
FL-experiment | INFO flwr 2024-03-07 04:01:09,431 | app.py:228 | app_fit: metrics_distributed {'accuracy': [(1, 0.26193)]}
FL-experiment | INFO flwr 2024-03-07 04:01:09,432 | app.py:229 | app_fit: losses_centralized []
FL-experiment | INFO flwr 2024-03-07 04:01:09,432 | app.py:230 | app_fit: metrics_centralized {}
FL-experiment | DEBUG flwr 2024-03-07 04:01:09,437 | connection.py:141 | gRPC channel closed
FL-experiment | DEBUG flwr 2024-03-07 04:01:09,437 | connection.py:141 | gRPC channel closed
FL-experiment | INFO flwr 2024-03-07 04:01:09,437 | app.py:304 | Disconnect and shut down
FL-experiment | INFO flwr 2024-03-07 04:01:09,437 | app.py:304 | Disconnect and shut down
FL-experiment | DEBUG flwr 2024-03-07 04:01:09,437 | connection.py:141 | gRPC channel closed
FL-experiment | INFO flwr 2024-03-07 04:01:09,437 | app.py:304 | Disconnect and shut down
FL-experiment | DEBUG flwr 2024-03-07 04:01:09,437 | connection.py:141 | gRPC channel closed
FL-experiment | DEBUG flwr 2024-03-07 04:01:09,438 | connection.py:141 | gRPC channel closed
FL-experiment | DEBUG flwr 2024-03-07 04:01:09,438 | connection.py:141 | gRPC channel closed
FL-experiment | DEBUG flwr 2024-03-07 04:01:09,438 | connection.py:141 | gRPC channel closed
FL-experiment | INFO flwr 2024-03-07 04:01:09,438 | app.py:304 | Disconnect and shut down
FL-experiment | INFO flwr 2024-03-07 04:01:09,438 | app.py:304 | Disconnect and shut down
FL-experiment | INFO flwr 2024-03-07 04:01:09,438 | app.py:304 | Disconnect and shut down
FL-experiment | INFO flwr 2024-03-07 04:01:09,438 | app.py:304 | Disconnect and shut down
FL-experiment | DEBUG flwr 2024-03-07 04:01:09,438 | connection.py:141 | gRPC channel closed
FL-experiment | INFO flwr 2024-03-07 04:01:09,438 | app.py:304 | Disconnect and shut down
FL-experiment | DEBUG flwr 2024-03-07 04:01:09,438 | connection.py:141 | gRPC channel closed
FL-experiment | INFO flwr 2024-03-07 04:01:09,438 | app.py:304 | Disconnect and shut down
FL-experiment | DEBUG flwr 2024-03-07 04:01:09,448 | connection.py:141 | gRPC channel closed
FL-experiment | INFO flwr 2024-03-07 04:01:09,448 | app.py:304 | Disconnect and shut down
FL-experiment | INFO flwr 2024-03-07 04:01:15,389 | main.py:50 | Start settling channels
FL-experiment | INFO flwr 2024-03-07 04:06:16,883 | main.py:52 | Done settling channels
FL-experiment | INFO flwr 2024-03-07 04:06:16,884 | main.py:54 | Done Experiment
