FL-experiment | INFO flwr 2024-03-13 13:43:42,170 | main.py:40 | Config: INCENTIVES_ON=True, BCFL=False, IPFS_ON=True, NUM_CLIENTS=25, NUM_ROUNDS=2,
FL-experiment | INFO flwr 2024-03-13 13:43:42,171 | main.py:41 | Start Experiment
FL-experiment | INFO flwr 2024-03-13 13:43:42,171 | main.py:51 | Start opening channels
FL-experiment | INFO flwr 2024-03-13 13:49:55,958 | main.py:53 | Done opening channels
FL-experiment | DEBUG flwr 2024-03-13 13:50:01,221 | server.py:149 | File: storage/init_model_6ece3bd8-b251-47a9-8861-d7e3b16d0606.pkl IPFS file hash: QmUpBfFxeGF5cGSzLdbQmPK43coRCsXiJ3h5r1aEa7KHYh
FL-experiment | INFO flwr 2024-03-13 13:50:01,221 | server.py:42 | Start Round=1
FL-experiment | INFO flwr 2024-03-13 13:50:01,221 | server.py:53 | Start sharing model with perun nodes
FL-experiment | INFO flwr 2024-03-13 13:50:01,221 | server.py:56 | PERUN REQUEST: Sharing model with peer_0, REQ=set,peer_0,1,2,0,0,0
FL-experiment | INFO flwr 2024-03-13 13:50:01,237 | server.py:56 | PERUN REQUEST: Sharing model with peer_1, REQ=set,peer_1,1,2,0,0,0
FL-experiment | INFO flwr 2024-03-13 13:50:01,248 | server.py:56 | PERUN REQUEST: Sharing model with peer_2, REQ=set,peer_2,1,2,0,0,0
FL-experiment | INFO flwr 2024-03-13 13:50:01,264 | server.py:56 | PERUN REQUEST: Sharing model with peer_3, REQ=set,peer_3,1,2,0,0,0
FL-experiment | INFO flwr 2024-03-13 13:50:01,274 | server.py:56 | PERUN REQUEST: Sharing model with peer_4, REQ=set,peer_4,1,2,0,0,0
FL-experiment | INFO flwr 2024-03-13 13:50:01,277 | server.py:56 | PERUN REQUEST: Sharing model with peer_5, REQ=set,peer_5,1,2,0,0,0
FL-experiment | INFO flwr 2024-03-13 13:50:01,281 | server.py:56 | PERUN REQUEST: Sharing model with peer_6, REQ=set,peer_6,1,2,0,0,0
FL-experiment | INFO flwr 2024-03-13 13:50:01,284 | server.py:56 | PERUN REQUEST: Sharing model with peer_7, REQ=set,peer_7,1,2,0,0,0
FL-experiment | INFO flwr 2024-03-13 13:50:01,289 | server.py:56 | PERUN REQUEST: Sharing model with peer_8, REQ=set,peer_8,1,2,0,0,0
FL-experiment | INFO flwr 2024-03-13 13:50:01,295 | server.py:56 | PERUN REQUEST: Sharing model with peer_9, REQ=set,peer_9,1,2,0,0,0
FL-experiment | INFO flwr 2024-03-13 13:50:01,299 | server.py:56 | PERUN REQUEST: Sharing model with peer_10, REQ=set,peer_10,1,2,0,0,0
FL-experiment | INFO flwr 2024-03-13 13:50:01,303 | server.py:56 | PERUN REQUEST: Sharing model with peer_11, REQ=set,peer_11,1,2,0,0,0
FL-experiment | INFO flwr 2024-03-13 13:50:01,310 | server.py:56 | PERUN REQUEST: Sharing model with peer_12, REQ=set,peer_12,1,2,0,0,0
FL-experiment | INFO flwr 2024-03-13 13:50:01,315 | server.py:56 | PERUN REQUEST: Sharing model with peer_13, REQ=set,peer_13,1,2,0,0,0
FL-experiment | INFO flwr 2024-03-13 13:50:01,319 | server.py:56 | PERUN REQUEST: Sharing model with peer_14, REQ=set,peer_14,1,2,0,0,0
FL-experiment | INFO flwr 2024-03-13 13:50:01,323 | server.py:56 | PERUN REQUEST: Sharing model with peer_15, REQ=set,peer_15,1,2,0,0,0
FL-experiment | INFO flwr 2024-03-13 13:50:01,336 | server.py:56 | PERUN REQUEST: Sharing model with peer_16, REQ=set,peer_16,1,2,0,0,0
FL-experiment | INFO flwr 2024-03-13 13:50:01,343 | server.py:56 | PERUN REQUEST: Sharing model with peer_17, REQ=set,peer_17,1,2,0,0,0
FL-experiment | INFO flwr 2024-03-13 13:50:01,348 | server.py:56 | PERUN REQUEST: Sharing model with peer_18, REQ=set,peer_18,1,2,0,0,0
FL-experiment | INFO flwr 2024-03-13 13:50:01,353 | server.py:56 | PERUN REQUEST: Sharing model with peer_19, REQ=set,peer_19,1,2,0,0,0
FL-experiment | INFO flwr 2024-03-13 13:50:01,356 | server.py:56 | PERUN REQUEST: Sharing model with peer_20, REQ=set,peer_20,1,2,0,0,0
FL-experiment | INFO flwr 2024-03-13 13:50:01,360 | server.py:56 | PERUN REQUEST: Sharing model with peer_21, REQ=set,peer_21,1,2,0,0,0
FL-experiment | INFO flwr 2024-03-13 13:50:01,364 | server.py:56 | PERUN REQUEST: Sharing model with peer_22, REQ=set,peer_22,1,2,0,0,0
FL-experiment | INFO flwr 2024-03-13 13:50:01,367 | server.py:56 | PERUN REQUEST: Sharing model with peer_23, REQ=set,peer_23,1,2,0,0,0
FL-experiment | INFO flwr 2024-03-13 13:50:01,371 | server.py:56 | PERUN REQUEST: Sharing model with peer_24, REQ=set,peer_24,1,2,0,0,0
FL-experiment | INFO flwr 2024-03-13 13:50:01,375 | server.py:59 | Done sharing model with perun nodes
FL-experiment | INFO flwr 2024-03-13 13:50:01,375 | app.py:163 | Starting Flower server, config: ServerConfig(num_rounds=2, round_timeout=None)
FL-experiment | INFO flwr 2024-03-13 13:50:01,401 | app.py:176 | Flower ECE: gRPC server running (2 rounds), SSL is disabled
FL-experiment | INFO flwr 2024-03-13 13:50:01,401 | server.py:89 | Initializing global parameters
FL-experiment | INFO flwr 2024-03-13 13:50:01,401 | server.py:276 | Requesting initial parameters from one random client
FL-experiment | INFO flwr 2024-03-13 13:50:13,061 | grpc.py:52 | Opened insecure gRPC connection (no certificates were passed)
FL-experiment | DEBUG flwr 2024-03-13 13:50:13,076 | connection.py:42 | ChannelConnectivity.IDLE
FL-experiment | DEBUG flwr 2024-03-13 13:50:13,085 | connection.py:42 | ChannelConnectivity.READY
FL-experiment | INFO flwr 2024-03-13 13:50:13,375 | grpc.py:52 | Opened insecure gRPC connection (no certificates were passed)
FL-experiment | DEBUG flwr 2024-03-13 13:50:13,382 | connection.py:42 | ChannelConnectivity.IDLE
FL-experiment | DEBUG flwr 2024-03-13 13:50:13,392 | connection.py:42 | ChannelConnectivity.READY
FL-experiment | INFO flwr 2024-03-13 13:50:13,402 | server.py:280 | Received initial parameters from one random client
FL-experiment | INFO flwr 2024-03-13 13:50:13,403 | server.py:91 | Evaluating initial parameters
FL-experiment | INFO flwr 2024-03-13 13:50:13,403 | server.py:104 | FL starting
FL-experiment | INFO flwr 2024-03-13 13:50:13,439 | grpc.py:52 | Opened insecure gRPC connection (no certificates were passed)
FL-experiment | INFO flwr 2024-03-13 13:50:13,440 | grpc.py:52 | Opened insecure gRPC connection (no certificates were passed)
FL-experiment | INFO flwr 2024-03-13 13:50:13,442 | grpc.py:52 | Opened insecure gRPC connection (no certificates were passed)
FL-experiment | DEBUG flwr 2024-03-13 13:50:13,446 | connection.py:42 | ChannelConnectivity.IDLE
FL-experiment | INFO flwr 2024-03-13 13:50:13,450 | grpc.py:52 | Opened insecure gRPC connection (no certificates were passed)
FL-experiment | DEBUG flwr 2024-03-13 13:50:13,450 | connection.py:42 | ChannelConnectivity.IDLE
FL-experiment | DEBUG flwr 2024-03-13 13:50:13,451 | connection.py:42 | ChannelConnectivity.CONNECTING
FL-experiment | DEBUG flwr 2024-03-13 13:50:13,452 | connection.py:42 | ChannelConnectivity.READY
FL-experiment | INFO flwr 2024-03-13 13:50:13,465 | grpc.py:52 | Opened insecure gRPC connection (no certificates were passed)
FL-experiment | INFO flwr 2024-03-13 13:50:13,510 | grpc.py:52 | Opened insecure gRPC connection (no certificates were passed)
FL-experiment | DEBUG flwr 2024-03-13 13:50:13,518 | connection.py:42 | ChannelConnectivity.CONNECTING
FL-experiment | DEBUG flwr 2024-03-13 13:50:13,519 | connection.py:42 | ChannelConnectivity.IDLE
FL-experiment | DEBUG flwr 2024-03-13 13:50:13,521 | connection.py:42 | ChannelConnectivity.CONNECTING
FL-experiment | DEBUG flwr 2024-03-13 13:50:13,523 | connection.py:42 | ChannelConnectivity.IDLE
FL-experiment | DEBUG flwr 2024-03-13 13:50:13,527 | connection.py:42 | ChannelConnectivity.READY
FL-experiment | DEBUG flwr 2024-03-13 13:50:13,528 | connection.py:42 | ChannelConnectivity.IDLE
FL-experiment | DEBUG flwr 2024-03-13 13:50:13,528 | connection.py:42 | ChannelConnectivity.READY
FL-experiment | INFO flwr 2024-03-13 13:50:13,531 | grpc.py:52 | Opened insecure gRPC connection (no certificates were passed)
FL-experiment | DEBUG flwr 2024-03-13 13:50:13,532 | connection.py:42 | ChannelConnectivity.CONNECTING
FL-experiment | INFO flwr 2024-03-13 13:50:13,534 | grpc.py:52 | Opened insecure gRPC connection (no certificates were passed)
FL-experiment | INFO flwr 2024-03-13 13:50:13,534 | grpc.py:52 | Opened insecure gRPC connection (no certificates were passed)
FL-experiment | DEBUG flwr 2024-03-13 13:50:13,535 | connection.py:42 | ChannelConnectivity.IDLE
FL-experiment | INFO flwr 2024-03-13 13:50:13,537 | grpc.py:52 | Opened insecure gRPC connection (no certificates were passed)
FL-experiment | INFO flwr 2024-03-13 13:50:13,537 | grpc.py:52 | Opened insecure gRPC connection (no certificates were passed)
FL-experiment | INFO flwr 2024-03-13 13:50:13,539 | grpc.py:52 | Opened insecure gRPC connection (no certificates were passed)
FL-experiment | DEBUG flwr 2024-03-13 13:50:13,539 | connection.py:42 | ChannelConnectivity.IDLE
FL-experiment | DEBUG flwr 2024-03-13 13:50:13,540 | connection.py:42 | ChannelConnectivity.READY
FL-experiment | DEBUG flwr 2024-03-13 13:50:13,541 | connection.py:42 | ChannelConnectivity.IDLE
FL-experiment | DEBUG flwr 2024-03-13 13:50:13,543 | connection.py:42 | ChannelConnectivity.READY
FL-experiment | DEBUG flwr 2024-03-13 13:50:13,554 | connection.py:42 | ChannelConnectivity.IDLE
FL-experiment | DEBUG flwr 2024-03-13 13:50:13,557 | connection.py:42 | ChannelConnectivity.READY
FL-experiment | DEBUG flwr 2024-03-13 13:50:13,560 | connection.py:42 | ChannelConnectivity.READY
FL-experiment | INFO flwr 2024-03-13 13:50:13,559 | grpc.py:52 | Opened insecure gRPC connection (no certificates were passed)
FL-experiment | DEBUG flwr 2024-03-13 13:50:13,572 | connection.py:42 | ChannelConnectivity.CONNECTING
FL-experiment | DEBUG flwr 2024-03-13 13:50:13,574 | connection.py:42 | ChannelConnectivity.READY
FL-experiment | DEBUG flwr 2024-03-13 13:50:13,579 | connection.py:42 | ChannelConnectivity.IDLE
FL-experiment | DEBUG flwr 2024-03-13 13:50:13,579 | connection.py:42 | ChannelConnectivity.IDLE
FL-experiment | DEBUG flwr 2024-03-13 13:50:13,576 | connection.py:42 | ChannelConnectivity.IDLE
FL-experiment | DEBUG flwr 2024-03-13 13:50:13,581 | connection.py:42 | ChannelConnectivity.IDLE
FL-experiment | DEBUG flwr 2024-03-13 13:50:13,583 | connection.py:42 | ChannelConnectivity.READY
FL-experiment | DEBUG flwr 2024-03-13 13:50:13,584 | connection.py:42 | ChannelConnectivity.CONNECTING
FL-experiment | DEBUG flwr 2024-03-13 13:50:13,585 | connection.py:42 | ChannelConnectivity.READY
FL-experiment | DEBUG flwr 2024-03-13 13:50:13,591 | connection.py:42 | ChannelConnectivity.READY
FL-experiment | INFO flwr 2024-03-13 13:50:13,595 | grpc.py:52 | Opened insecure gRPC connection (no certificates were passed)
FL-experiment | INFO flwr 2024-03-13 13:50:13,596 | grpc.py:52 | Opened insecure gRPC connection (no certificates were passed)
FL-experiment | DEBUG flwr 2024-03-13 13:50:13,604 | connection.py:42 | ChannelConnectivity.IDLE
FL-experiment | DEBUG flwr 2024-03-13 13:50:13,605 | connection.py:42 | ChannelConnectivity.CONNECTING
FL-experiment | INFO flwr 2024-03-13 13:50:13,607 | grpc.py:52 | Opened insecure gRPC connection (no certificates were passed)
FL-experiment | DEBUG flwr 2024-03-13 13:50:13,609 | connection.py:42 | ChannelConnectivity.READY
FL-experiment | DEBUG flwr 2024-03-13 13:50:13,617 | connection.py:42 | ChannelConnectivity.IDLE
FL-experiment | DEBUG flwr 2024-03-13 13:50:13,618 | connection.py:42 | ChannelConnectivity.CONNECTING
FL-experiment | DEBUG flwr 2024-03-13 13:50:13,618 | connection.py:42 | ChannelConnectivity.READY
FL-experiment | DEBUG flwr 2024-03-13 13:50:13,628 | connection.py:42 | ChannelConnectivity.CONNECTING
FL-experiment | DEBUG flwr 2024-03-13 13:50:13,628 | connection.py:42 | ChannelConnectivity.CONNECTING
FL-experiment | DEBUG flwr 2024-03-13 13:50:13,629 | connection.py:42 | ChannelConnectivity.READY
FL-experiment | DEBUG flwr 2024-03-13 13:50:13,629 | connection.py:42 | ChannelConnectivity.READY
FL-experiment | DEBUG flwr 2024-03-13 13:50:13,632 | connection.py:42 | ChannelConnectivity.IDLE
FL-experiment | INFO flwr 2024-03-13 13:50:13,636 | grpc.py:52 | Opened insecure gRPC connection (no certificates were passed)
FL-experiment | DEBUG flwr 2024-03-13 13:50:13,639 | connection.py:42 | ChannelConnectivity.IDLE
FL-experiment | DEBUG flwr 2024-03-13 13:50:13,645 | connection.py:42 | ChannelConnectivity.CONNECTING
FL-experiment | DEBUG flwr 2024-03-13 13:50:13,646 | connection.py:42 | ChannelConnectivity.CONNECTING
FL-experiment | DEBUG flwr 2024-03-13 13:50:13,646 | connection.py:42 | ChannelConnectivity.READY
FL-experiment | DEBUG flwr 2024-03-13 13:50:13,647 | connection.py:42 | ChannelConnectivity.READY
FL-experiment | INFO flwr 2024-03-13 13:50:13,647 | grpc.py:52 | Opened insecure gRPC connection (no certificates were passed)
FL-experiment | INFO flwr 2024-03-13 13:50:13,655 | grpc.py:52 | Opened insecure gRPC connection (no certificates were passed)
FL-experiment | INFO flwr 2024-03-13 13:50:13,656 | grpc.py:52 | Opened insecure gRPC connection (no certificates were passed)
FL-experiment | DEBUG flwr 2024-03-13 13:50:13,657 | connection.py:42 | ChannelConnectivity.IDLE
FL-experiment | DEBUG flwr 2024-03-13 13:50:13,658 | connection.py:42 | ChannelConnectivity.CONNECTING
FL-experiment | DEBUG flwr 2024-03-13 13:50:13,658 | connection.py:42 | ChannelConnectivity.READY
FL-experiment | DEBUG flwr 2024-03-13 13:50:13,660 | connection.py:42 | ChannelConnectivity.IDLE
FL-experiment | DEBUG flwr 2024-03-13 13:50:13,660 | connection.py:42 | ChannelConnectivity.READY
FL-experiment | INFO flwr 2024-03-13 13:50:13,661 | grpc.py:52 | Opened insecure gRPC connection (no certificates were passed)
FL-experiment | INFO flwr 2024-03-13 13:50:13,661 | grpc.py:52 | Opened insecure gRPC connection (no certificates were passed)
FL-experiment | DEBUG flwr 2024-03-13 13:50:13,664 | connection.py:42 | ChannelConnectivity.IDLE
FL-experiment | DEBUG flwr 2024-03-13 13:50:13,664 | connection.py:42 | ChannelConnectivity.IDLE
FL-experiment | DEBUG flwr 2024-03-13 13:50:13,665 | connection.py:42 | ChannelConnectivity.CONNECTING
FL-experiment | DEBUG flwr 2024-03-13 13:50:13,667 | connection.py:42 | ChannelConnectivity.READY
FL-experiment | DEBUG flwr 2024-03-13 13:50:13,671 | connection.py:42 | ChannelConnectivity.READY
FL-experiment | DEBUG flwr 2024-03-13 13:50:13,672 | connection.py:42 | ChannelConnectivity.IDLE
FL-experiment | DEBUG flwr 2024-03-13 13:50:13,673 | connection.py:42 | ChannelConnectivity.READY
FL-experiment | INFO flwr 2024-03-13 13:50:13,696 | grpc.py:52 | Opened insecure gRPC connection (no certificates were passed)
FL-experiment | DEBUG flwr 2024-03-13 13:50:13,697 | connection.py:42 | ChannelConnectivity.IDLE
FL-experiment | DEBUG flwr 2024-03-13 13:50:13,697 | connection.py:42 | ChannelConnectivity.CONNECTING
FL-experiment | DEBUG flwr 2024-03-13 13:50:13,697 | connection.py:42 | ChannelConnectivity.READY
FL-experiment | DEBUG flwr 2024-03-13 13:50:13,697 | server.py:222 | fit_round 1: strategy sampled 25 clients (out of 25)
FL-experiment | INFO flwr 2024-03-13 13:50:13,700 | client.py:126 | Start Training client=13
FL-experiment | INFO flwr 2024-03-13 13:50:13,700 | client.py:126 | Start Training client=1
FL-experiment | INFO flwr 2024-03-13 13:50:13,701 | client.py:126 | Start Training client=23
FL-experiment | INFO flwr 2024-03-13 13:50:13,702 | client.py:126 | Start Training client=4
FL-experiment | INFO flwr 2024-03-13 13:50:13,703 | client.py:126 | Start Training client=6
FL-experiment | INFO flwr 2024-03-13 13:50:13,705 | client.py:126 | Start Training client=17
FL-experiment | INFO flwr 2024-03-13 13:50:13,706 | client.py:126 | Start Training client=24
FL-experiment | INFO flwr 2024-03-13 13:50:13,706 | client.py:126 | Start Training client=21
FL-experiment | INFO flwr 2024-03-13 13:50:13,706 | client.py:126 | Start Training client=2
FL-experiment | INFO flwr 2024-03-13 13:50:13,707 | client.py:126 | Start Training client=16
FL-experiment | INFO flwr 2024-03-13 13:50:13,712 | client.py:126 | Start Training client=3
FL-experiment | INFO flwr 2024-03-13 13:50:13,712 | client.py:126 | Start Training client=18
FL-experiment | INFO flwr 2024-03-13 13:50:13,718 | client.py:126 | Start Training client=15
FL-experiment | INFO flwr 2024-03-13 13:50:13,737 | client.py:126 | Start Training client=20
FL-experiment | DEBUG flwr 2024-03-13 13:51:37,759 | client.py:137 | File: storage/updated_weights_1_1e37769c-cf97-4931-a3d8-b0d3f0a61fd4.pkl IPFS file hash: QmUAtiMdY7xhMBQFvEbi7vzyF7rAwaxvR4doMCUVcmfCii
FL-experiment | INFO flwr 2024-03-13 13:51:37,759 | client.py:139 | Start sending updated weights to the perun node (client=1)
FL-experiment | INFO flwr 2024-03-13 13:51:37,759 | client.py:142 | PERUN REQUEST: Setting weight client=1, REQ=set,peer_25,1,2,10,0,0
FL-experiment | INFO flwr 2024-03-13 13:51:37,797 | client.py:144 | Done sending updated weights to the perun node (client=1)
FL-experiment | INFO flwr 2024-03-13 13:51:37,797 | client.py:147 | Done Training client=1
FL-experiment | INFO flwr 2024-03-13 13:51:37,804 | client.py:126 | Start Training client=22
FL-experiment | DEBUG flwr 2024-03-13 13:51:37,848 | client.py:137 | File: storage/updated_weights_18_61c48981-b7e4-4150-8c1b-277ed7d6d05e.pkl IPFS file hash: QmRCxCQXb41wcXd1L1hU9yztc7L9VeegET6Xa8R56pu3ju
FL-experiment | INFO flwr 2024-03-13 13:51:37,848 | client.py:139 | Start sending updated weights to the perun node (client=18)
FL-experiment | INFO flwr 2024-03-13 13:51:37,848 | client.py:142 | PERUN REQUEST: Setting weight client=18, REQ=set,peer_25,1,2,10,0,0
FL-experiment | INFO flwr 2024-03-13 13:51:37,898 | client.py:144 | Done sending updated weights to the perun node (client=18)
FL-experiment | INFO flwr 2024-03-13 13:51:37,899 | client.py:147 | Done Training client=18
FL-experiment | INFO flwr 2024-03-13 13:51:37,915 | client.py:126 | Start Training client=9
FL-experiment | DEBUG flwr 2024-03-13 13:51:37,923 | client.py:137 | File: storage/updated_weights_21_87c2e66b-03e0-4269-a357-009630c5cd8f.pkl IPFS file hash: QmTBi7APWzWHx4DBfPLKf6iGXbFmDwv6okuswDk7fy9tnb
FL-experiment | INFO flwr 2024-03-13 13:51:37,924 | client.py:139 | Start sending updated weights to the perun node (client=21)
FL-experiment | INFO flwr 2024-03-13 13:51:37,924 | client.py:142 | PERUN REQUEST: Setting weight client=21, REQ=set,peer_25,1,2,10,0,0
FL-experiment | INFO flwr 2024-03-13 13:51:37,938 | client.py:144 | Done sending updated weights to the perun node (client=21)
FL-experiment | INFO flwr 2024-03-13 13:51:37,938 | client.py:147 | Done Training client=21
FL-experiment | INFO flwr 2024-03-13 13:51:37,944 | client.py:126 | Start Training client=14
FL-experiment | DEBUG flwr 2024-03-13 13:51:38,263 | client.py:137 | File: storage/updated_weights_17_0369c2d0-13cf-462d-ae94-d83a4ee34c78.pkl IPFS file hash: QmV1PPATtRxjWBx59r2MrdomSjdgfvT1fizi714U6BZLNp
FL-experiment | INFO flwr 2024-03-13 13:51:38,264 | client.py:139 | Start sending updated weights to the perun node (client=17)
FL-experiment | INFO flwr 2024-03-13 13:51:38,264 | client.py:142 | PERUN REQUEST: Setting weight client=17, REQ=set,peer_25,1,2,10,0,0
FL-experiment | INFO flwr 2024-03-13 13:51:38,279 | client.py:144 | Done sending updated weights to the perun node (client=17)
FL-experiment | INFO flwr 2024-03-13 13:51:38,279 | client.py:147 | Done Training client=17
FL-experiment | INFO flwr 2024-03-13 13:51:38,286 | client.py:126 | Start Training client=0
FL-experiment | DEBUG flwr 2024-03-13 13:51:38,512 | client.py:137 | File: storage/updated_weights_3_92150d08-4d71-4aaf-bbc3-1bdf05280e2d.pkl IPFS file hash: QmUyTtoqDVQvq6CMzctfA3dCdxY3a6Xr6bFPF53H3DvHmk
FL-experiment | INFO flwr 2024-03-13 13:51:38,512 | client.py:139 | Start sending updated weights to the perun node (client=3)
FL-experiment | INFO flwr 2024-03-13 13:51:38,512 | client.py:142 | PERUN REQUEST: Setting weight client=3, REQ=set,peer_25,1,2,10,0,0
FL-experiment | INFO flwr 2024-03-13 13:51:38,529 | client.py:144 | Done sending updated weights to the perun node (client=3)
FL-experiment | INFO flwr 2024-03-13 13:51:38,530 | client.py:147 | Done Training client=3
FL-experiment | INFO flwr 2024-03-13 13:51:38,536 | client.py:126 | Start Training client=8
FL-experiment | DEBUG flwr 2024-03-13 13:51:38,664 | client.py:137 | File: storage/updated_weights_13_59874930-e675-4f2e-814a-c717c5b676fb.pkl IPFS file hash: QmfDAtfp76mSSYnW5q2oQbRyiuzgAWM6HdD2zGfaYEgdHp
FL-experiment | INFO flwr 2024-03-13 13:51:38,664 | client.py:139 | Start sending updated weights to the perun node (client=13)
FL-experiment | INFO flwr 2024-03-13 13:51:38,664 | client.py:142 | PERUN REQUEST: Setting weight client=13, REQ=set,peer_25,1,2,10,0,0
FL-experiment | INFO flwr 2024-03-13 13:51:38,680 | client.py:144 | Done sending updated weights to the perun node (client=13)
FL-experiment | INFO flwr 2024-03-13 13:51:38,680 | client.py:147 | Done Training client=13
FL-experiment | INFO flwr 2024-03-13 13:51:38,702 | client.py:126 | Start Training client=11
FL-experiment | DEBUG flwr 2024-03-13 13:51:38,742 | client.py:137 | File: storage/updated_weights_24_992a7afd-5c2b-4d81-9121-8c55a965db12.pkl IPFS file hash: QmdaYXtufhrhhvbzmcGJodqG5aV3aptqv3q69yHyRha4q2
FL-experiment | INFO flwr 2024-03-13 13:51:38,742 | client.py:139 | Start sending updated weights to the perun node (client=24)
FL-experiment | INFO flwr 2024-03-13 13:51:38,742 | client.py:142 | PERUN REQUEST: Setting weight client=24, REQ=set,peer_25,1,2,10,0,0
FL-experiment | INFO flwr 2024-03-13 13:51:38,757 | client.py:144 | Done sending updated weights to the perun node (client=24)
FL-experiment | INFO flwr 2024-03-13 13:51:38,757 | client.py:147 | Done Training client=24
FL-experiment | INFO flwr 2024-03-13 13:51:38,762 | client.py:126 | Start Training client=12
FL-experiment | DEBUG flwr 2024-03-13 13:51:38,782 | client.py:137 | File: storage/updated_weights_23_1da998ff-4c93-4a13-87c0-cd30536067b9.pkl IPFS file hash: QmakXbxyJ8TCyXXaLWAnSjqx7LWtm62bGzqLE3e6dF5XyR
FL-experiment | INFO flwr 2024-03-13 13:51:38,782 | client.py:139 | Start sending updated weights to the perun node (client=23)
FL-experiment | INFO flwr 2024-03-13 13:51:38,782 | client.py:142 | PERUN REQUEST: Setting weight client=23, REQ=set,peer_25,1,2,10,0,0
FL-experiment | INFO flwr 2024-03-13 13:51:38,788 | client.py:144 | Done sending updated weights to the perun node (client=23)
FL-experiment | INFO flwr 2024-03-13 13:51:38,788 | client.py:147 | Done Training client=23
FL-experiment | INFO flwr 2024-03-13 13:51:38,794 | client.py:126 | Start Training client=7
FL-experiment | DEBUG flwr 2024-03-13 13:51:38,852 | client.py:137 | File: storage/updated_weights_4_2495a638-eedb-45af-a0f0-3ad00b9923e9.pkl IPFS file hash: QmVwnTiSRbHRWqU4HsXvoub3MNC2bmvsGTwavniLWdQcce
FL-experiment | INFO flwr 2024-03-13 13:51:38,852 | client.py:139 | Start sending updated weights to the perun node (client=4)
FL-experiment | INFO flwr 2024-03-13 13:51:38,852 | client.py:142 | PERUN REQUEST: Setting weight client=4, REQ=set,peer_25,1,2,10,0,0
FL-experiment | INFO flwr 2024-03-13 13:51:38,874 | client.py:144 | Done sending updated weights to the perun node (client=4)
FL-experiment | INFO flwr 2024-03-13 13:51:38,874 | client.py:147 | Done Training client=4
FL-experiment | INFO flwr 2024-03-13 13:51:38,881 | client.py:126 | Start Training client=10
FL-experiment | DEBUG flwr 2024-03-13 13:51:38,926 | client.py:137 | File: storage/updated_weights_15_65b44072-1681-4471-9d7b-a9f09bec8edc.pkl IPFS file hash: Qmd4hNqMmix2rt924uHtsW1VJ4iEEvicDY5CrFLn3XSNro
FL-experiment | INFO flwr 2024-03-13 13:51:38,926 | client.py:139 | Start sending updated weights to the perun node (client=15)
FL-experiment | INFO flwr 2024-03-13 13:51:38,926 | client.py:142 | PERUN REQUEST: Setting weight client=15, REQ=set,peer_25,1,2,10,0,0
FL-experiment | INFO flwr 2024-03-13 13:51:38,941 | client.py:144 | Done sending updated weights to the perun node (client=15)
FL-experiment | INFO flwr 2024-03-13 13:51:38,941 | client.py:147 | Done Training client=15
FL-experiment | INFO flwr 2024-03-13 13:51:38,948 | client.py:126 | Start Training client=19
FL-experiment | DEBUG flwr 2024-03-13 13:51:39,051 | client.py:137 | File: storage/updated_weights_2_003cc6d5-0fe8-4c47-b8a8-875239096e7f.pkl IPFS file hash: QmVfmJ7jrTe7udBc8VwMn1eFEZKxFTJFTe5BbCp28wJFZw
FL-experiment | INFO flwr 2024-03-13 13:51:39,052 | client.py:139 | Start sending updated weights to the perun node (client=2)
FL-experiment | INFO flwr 2024-03-13 13:51:39,052 | client.py:142 | PERUN REQUEST: Setting weight client=2, REQ=set,peer_25,1,2,10,0,0
FL-experiment | DEBUG flwr 2024-03-13 13:51:39,056 | client.py:137 | File: storage/updated_weights_6_a85d37d8-a2bc-4735-9b72-9f3fe5eab418.pkl IPFS file hash: QmQXxmsau9M1vZQ1G8z2VnP3gV1xsmD7TYZsGg13uWVSRu
FL-experiment | INFO flwr 2024-03-13 13:51:39,056 | client.py:139 | Start sending updated weights to the perun node (client=6)
FL-experiment | INFO flwr 2024-03-13 13:51:39,056 | client.py:142 | PERUN REQUEST: Setting weight client=6, REQ=set,peer_25,1,2,10,0,0
FL-experiment | INFO flwr 2024-03-13 13:51:39,067 | client.py:144 | Done sending updated weights to the perun node (client=6)
FL-experiment | INFO flwr 2024-03-13 13:51:39,067 | client.py:147 | Done Training client=6
FL-experiment | INFO flwr 2024-03-13 13:51:39,068 | client.py:144 | Done sending updated weights to the perun node (client=2)
FL-experiment | INFO flwr 2024-03-13 13:51:39,068 | client.py:147 | Done Training client=2
FL-experiment | INFO flwr 2024-03-13 13:51:39,074 | client.py:126 | Start Training client=5
FL-experiment | DEBUG flwr 2024-03-13 13:51:39,363 | client.py:137 | File: storage/updated_weights_16_c14d1a25-75aa-4b2c-8bd9-ab19cb3ec43f.pkl IPFS file hash: QmYXFQrnDRHwbEkUT2AhDw2rgrzH6jKgjBbbZq6rQCmNep
FL-experiment | INFO flwr 2024-03-13 13:51:39,363 | client.py:139 | Start sending updated weights to the perun node (client=16)
FL-experiment | INFO flwr 2024-03-13 13:51:39,363 | client.py:142 | PERUN REQUEST: Setting weight client=16, REQ=set,peer_25,1,2,10,0,0
FL-experiment | INFO flwr 2024-03-13 13:51:39,375 | client.py:144 | Done sending updated weights to the perun node (client=16)
FL-experiment | INFO flwr 2024-03-13 13:51:39,375 | client.py:147 | Done Training client=16
FL-experiment | DEBUG flwr 2024-03-13 13:51:40,019 | client.py:137 | File: storage/updated_weights_20_d6ef077a-5d39-427f-8b5f-6ad1974c0f16.pkl IPFS file hash: QmWg7S8Cn5j3AfKzbCW43ECKY5hPz91Wze9YUFR5RXfvF9
FL-experiment | INFO flwr 2024-03-13 13:51:40,019 | client.py:139 | Start sending updated weights to the perun node (client=20)
FL-experiment | INFO flwr 2024-03-13 13:51:40,019 | client.py:142 | PERUN REQUEST: Setting weight client=20, REQ=set,peer_25,1,2,10,0,0
FL-experiment | INFO flwr 2024-03-13 13:51:40,032 | client.py:144 | Done sending updated weights to the perun node (client=20)
FL-experiment | INFO flwr 2024-03-13 13:51:40,033 | client.py:147 | Done Training client=20
FL-experiment | DEBUG flwr 2024-03-13 13:52:17,568 | client.py:137 | File: storage/updated_weights_0_ed58c45a-337e-4b39-ace9-aa0ff6e06729.pkl IPFS file hash: QmZgjKF63PSJF1emp4bMUrJ92sae3XwuQNw5gmZPcrDqQs
FL-experiment | INFO flwr 2024-03-13 13:52:17,569 | client.py:139 | Start sending updated weights to the perun node (client=0)
FL-experiment | INFO flwr 2024-03-13 13:52:17,569 | client.py:142 | PERUN REQUEST: Setting weight client=0, REQ=set,peer_25,1,2,10,0,0
FL-experiment | INFO flwr 2024-03-13 13:52:17,583 | client.py:144 | Done sending updated weights to the perun node (client=0)
FL-experiment | INFO flwr 2024-03-13 13:52:17,583 | client.py:147 | Done Training client=0
FL-experiment | DEBUG flwr 2024-03-13 13:52:18,105 | client.py:137 | File: storage/updated_weights_14_2dee159d-a559-4938-8714-858e9afabd02.pkl IPFS file hash: QmVE3VkaC2PFyYCvNfFvc4gKhNoPBNimTZnCBQjMYmomP6
FL-experiment | INFO flwr 2024-03-13 13:52:18,105 | client.py:139 | Start sending updated weights to the perun node (client=14)
FL-experiment | INFO flwr 2024-03-13 13:52:18,105 | client.py:142 | PERUN REQUEST: Setting weight client=14, REQ=set,peer_25,1,2,10,0,0
FL-experiment | INFO flwr 2024-03-13 13:52:18,119 | client.py:144 | Done sending updated weights to the perun node (client=14)
FL-experiment | INFO flwr 2024-03-13 13:52:18,120 | client.py:147 | Done Training client=14
FL-experiment | DEBUG flwr 2024-03-13 13:52:18,533 | client.py:137 | File: storage/updated_weights_10_9dd18dfc-a328-4e48-969b-52f0f9c98fc8.pkl IPFS file hash: QmYdVLYwZq3axpfzXS9A4RVASoTeEcX18QFwKKEQL3PCHv
FL-experiment | INFO flwr 2024-03-13 13:52:18,534 | client.py:139 | Start sending updated weights to the perun node (client=10)
FL-experiment | INFO flwr 2024-03-13 13:52:18,534 | client.py:142 | PERUN REQUEST: Setting weight client=10, REQ=set,peer_25,1,2,10,0,0
FL-experiment | INFO flwr 2024-03-13 13:52:18,543 | client.py:144 | Done sending updated weights to the perun node (client=10)
FL-experiment | INFO flwr 2024-03-13 13:52:18,543 | client.py:147 | Done Training client=10
FL-experiment | DEBUG flwr 2024-03-13 13:52:18,718 | client.py:137 | File: storage/updated_weights_12_deb895a6-18df-40cd-a9b7-f5d46a78c906.pkl IPFS file hash: QmPPqQNnZmMdwiaTuTKwpUTSjcXkXFEntKrrA6xvVsczn2
FL-experiment | INFO flwr 2024-03-13 13:52:18,718 | client.py:139 | Start sending updated weights to the perun node (client=12)
FL-experiment | INFO flwr 2024-03-13 13:52:18,718 | client.py:142 | PERUN REQUEST: Setting weight client=12, REQ=set,peer_25,1,2,10,0,0
FL-experiment | INFO flwr 2024-03-13 13:52:18,727 | client.py:144 | Done sending updated weights to the perun node (client=12)
FL-experiment | INFO flwr 2024-03-13 13:52:18,727 | client.py:147 | Done Training client=12
FL-experiment | DEBUG flwr 2024-03-13 13:52:42,838 | client.py:137 | File: storage/updated_weights_9_de5be475-6081-4f23-b0e9-8193e7fd3689.pkl IPFS file hash: QmUGe5WCCu3eusXq4qaHAtLXvmJRyDzdV2eeXdVqDk6Lv9
FL-experiment | INFO flwr 2024-03-13 13:52:42,838 | client.py:139 | Start sending updated weights to the perun node (client=9)
FL-experiment | INFO flwr 2024-03-13 13:52:42,838 | client.py:142 | PERUN REQUEST: Setting weight client=9, REQ=set,peer_25,1,2,10,0,0
FL-experiment | INFO flwr 2024-03-13 13:52:42,854 | client.py:144 | Done sending updated weights to the perun node (client=9)
FL-experiment | INFO flwr 2024-03-13 13:52:42,854 | client.py:147 | Done Training client=9
FL-experiment | DEBUG flwr 2024-03-13 13:52:43,009 | client.py:137 | File: storage/updated_weights_11_7892fe70-2939-4f04-a78d-07940c140183.pkl IPFS file hash: QmdpXZQa744GXbzzPrWPw7q8S2fTquhL6ddnbMx2yUZkCd
FL-experiment | INFO flwr 2024-03-13 13:52:43,010 | client.py:139 | Start sending updated weights to the perun node (client=11)
FL-experiment | INFO flwr 2024-03-13 13:52:43,010 | client.py:142 | PERUN REQUEST: Setting weight client=11, REQ=set,peer_25,1,2,10,0,0
FL-experiment | DEBUG flwr 2024-03-13 13:52:43,016 | client.py:137 | File: storage/updated_weights_22_a1c87214-24ab-4b7e-9e14-0e18d6ab3151.pkl IPFS file hash: QmQ61FPugmttrjFryQx5QLoowqRqdPKRcynDnCwR7nwNhz
FL-experiment | INFO flwr 2024-03-13 13:52:43,016 | client.py:139 | Start sending updated weights to the perun node (client=22)
FL-experiment | INFO flwr 2024-03-13 13:52:43,016 | client.py:142 | PERUN REQUEST: Setting weight client=22, REQ=set,peer_25,1,2,10,0,0
FL-experiment | INFO flwr 2024-03-13 13:52:43,034 | client.py:144 | Done sending updated weights to the perun node (client=11)
FL-experiment | INFO flwr 2024-03-13 13:52:43,034 | client.py:147 | Done Training client=11
FL-experiment | INFO flwr 2024-03-13 13:52:43,035 | client.py:144 | Done sending updated weights to the perun node (client=22)
FL-experiment | INFO flwr 2024-03-13 13:52:43,035 | client.py:147 | Done Training client=22
FL-experiment | DEBUG flwr 2024-03-13 13:52:43,107 | client.py:137 | File: storage/updated_weights_8_8c62c0a4-42f4-49fa-aca9-9f059a15fde0.pkl IPFS file hash: QmT8YZvEiCVGnAJevdyhV5zur8wbL43m4jaXohu6ZKkdU4
FL-experiment | INFO flwr 2024-03-13 13:52:43,107 | client.py:139 | Start sending updated weights to the perun node (client=8)
FL-experiment | INFO flwr 2024-03-13 13:52:43,107 | client.py:142 | PERUN REQUEST: Setting weight client=8, REQ=set,peer_25,1,2,10,0,0
FL-experiment | INFO flwr 2024-03-13 13:52:43,118 | client.py:144 | Done sending updated weights to the perun node (client=8)
FL-experiment | INFO flwr 2024-03-13 13:52:43,118 | client.py:147 | Done Training client=8
FL-experiment | DEBUG flwr 2024-03-13 13:52:43,156 | client.py:137 | File: storage/updated_weights_7_d03a30e4-2dd0-4ccb-b6d9-042b2d8e413e.pkl IPFS file hash: QmPFBpiQHkce8D3NC6rVAqTVf61ZicZLwyenYZ8dMYugKi
FL-experiment | INFO flwr 2024-03-13 13:52:43,157 | client.py:139 | Start sending updated weights to the perun node (client=7)
FL-experiment | INFO flwr 2024-03-13 13:52:43,157 | client.py:142 | PERUN REQUEST: Setting weight client=7, REQ=set,peer_25,1,2,10,0,0
FL-experiment | INFO flwr 2024-03-13 13:52:43,168 | client.py:144 | Done sending updated weights to the perun node (client=7)
FL-experiment | INFO flwr 2024-03-13 13:52:43,168 | client.py:147 | Done Training client=7
FL-experiment | DEBUG flwr 2024-03-13 13:52:43,340 | client.py:137 | File: storage/updated_weights_5_f1872a71-3a4e-4779-adaa-93973c54cdc6.pkl IPFS file hash: QmNYuS7vFaJNTAHYcLyNMGy7HuGDTdxdZfo2DdKhaJ7vnV
FL-experiment | INFO flwr 2024-03-13 13:52:43,340 | client.py:139 | Start sending updated weights to the perun node (client=5)
FL-experiment | INFO flwr 2024-03-13 13:52:43,340 | client.py:142 | PERUN REQUEST: Setting weight client=5, REQ=set,peer_25,1,2,10,0,0
FL-experiment | INFO flwr 2024-03-13 13:52:43,357 | client.py:144 | Done sending updated weights to the perun node (client=5)
FL-experiment | INFO flwr 2024-03-13 13:52:43,357 | client.py:147 | Done Training client=5
FL-experiment | DEBUG flwr 2024-03-13 13:52:43,444 | client.py:137 | File: storage/updated_weights_19_2769cdb6-2df0-431d-ae37-9652f93a1d1c.pkl IPFS file hash: QmT6KSXxDNFxnC18SBgdLvjPTU2ERTUd3iRV6McJSv3Ght
FL-experiment | INFO flwr 2024-03-13 13:52:43,444 | client.py:139 | Start sending updated weights to the perun node (client=19)
FL-experiment | INFO flwr 2024-03-13 13:52:43,444 | client.py:142 | PERUN REQUEST: Setting weight client=19, REQ=set,peer_25,1,2,10,0,0
FL-experiment | INFO flwr 2024-03-13 13:52:43,463 | client.py:144 | Done sending updated weights to the perun node (client=19)
FL-experiment | INFO flwr 2024-03-13 13:52:43,463 | client.py:147 | Done Training client=19
FL-experiment | DEBUG flwr 2024-03-13 13:52:43,465 | server.py:236 | fit_round 1 received 25 results and 0 failures
FL-experiment | INFO flwr 2024-03-13 13:52:43,465 | server.py:70 | Start Aggregating round=1
FL-experiment | WARNING flwr 2024-03-13 13:52:43,488 | fedavg.py:242 | No fit_metrics_aggregation_fn provided
FL-experiment | INFO flwr 2024-03-13 13:52:43,488 | server.py:90 | Start saving aggregated model to storage (round=1)
FL-experiment | DEBUG flwr 2024-03-13 13:52:43,510 | server.py:99 | File: storage/aggregated_model_cc01c6b0-7fd3-4aeb-b9be-6fb019002eb5.pkl IPFS file hash: QmXN1CFKkgYinxd98QniU1cs6iv3k9kTc976Y1d6KkrpsS
FL-experiment | INFO flwr 2024-03-13 13:52:43,511 | server.py:102 | Done saving aggregated model to storage (round=1)
FL-experiment | DEBUG flwr 2024-03-13 13:52:43,511 | server.py:173 | evaluate_round 1: strategy sampled 25 clients (out of 25)
FL-experiment | DEBUG flwr 2024-03-13 13:52:54,306 | server.py:187 | evaluate_round 1 received 25 results and 0 failures
FL-experiment | INFO flwr 2024-03-13 13:52:54,307 | server.py:109 | Start evaluating fit round=1
FL-experiment | INFO flwr 2024-03-13 13:52:54,307 | server.py:111 | Done Evaluating fit round=1
FL-experiment | DEBUG flwr 2024-03-13 13:52:54,307 | server.py:112 | Round: 1, Aggregated accuracy: {'accuracy': 0.295572}, Aggregated loss: 614.0412036132813, IPFS hash: QmXN1CFKkgYinxd98QniU1cs6iv3k9kTc976Y1d6KkrpsS
FL-experiment | INFO flwr 2024-03-13 13:52:54,307 | server.py:115 | Start sending aggregated model to perun nodes round=1
FL-experiment | INFO flwr 2024-03-13 13:52:54,307 | server.py:118 | PERUN REQUEST: Setting model with peer_0, REQ=set,peer_0,1,2,0,0,99
FL-experiment | INFO flwr 2024-03-13 13:52:54,317 | server.py:118 | PERUN REQUEST: Setting model with peer_1, REQ=set,peer_1,1,2,0,0,99
FL-experiment | INFO flwr 2024-03-13 13:52:54,330 | server.py:118 | PERUN REQUEST: Setting model with peer_2, REQ=set,peer_2,1,2,0,0,99
FL-experiment | INFO flwr 2024-03-13 13:52:54,335 | server.py:118 | PERUN REQUEST: Setting model with peer_3, REQ=set,peer_3,1,2,0,0,99
FL-experiment | INFO flwr 2024-03-13 13:52:54,337 | server.py:118 | PERUN REQUEST: Setting model with peer_4, REQ=set,peer_4,1,2,0,0,99
FL-experiment | INFO flwr 2024-03-13 13:52:54,339 | server.py:118 | PERUN REQUEST: Setting model with peer_5, REQ=set,peer_5,1,2,0,0,99
FL-experiment | INFO flwr 2024-03-13 13:52:54,341 | server.py:118 | PERUN REQUEST: Setting model with peer_6, REQ=set,peer_6,1,2,0,0,99
FL-experiment | INFO flwr 2024-03-13 13:52:54,343 | server.py:118 | PERUN REQUEST: Setting model with peer_7, REQ=set,peer_7,1,2,0,0,99
FL-experiment | INFO flwr 2024-03-13 13:52:54,346 | server.py:118 | PERUN REQUEST: Setting model with peer_8, REQ=set,peer_8,1,2,0,0,99
FL-experiment | INFO flwr 2024-03-13 13:52:54,348 | server.py:118 | PERUN REQUEST: Setting model with peer_9, REQ=set,peer_9,1,2,0,0,99
FL-experiment | INFO flwr 2024-03-13 13:52:54,350 | server.py:118 | PERUN REQUEST: Setting model with peer_10, REQ=set,peer_10,1,2,0,0,99
FL-experiment | INFO flwr 2024-03-13 13:52:54,352 | server.py:118 | PERUN REQUEST: Setting model with peer_11, REQ=set,peer_11,1,2,0,0,99
FL-experiment | INFO flwr 2024-03-13 13:52:54,355 | server.py:118 | PERUN REQUEST: Setting model with peer_12, REQ=set,peer_12,1,2,0,0,99
FL-experiment | INFO flwr 2024-03-13 13:52:54,357 | server.py:118 | PERUN REQUEST: Setting model with peer_13, REQ=set,peer_13,1,2,0,0,99
FL-experiment | INFO flwr 2024-03-13 13:52:54,359 | server.py:118 | PERUN REQUEST: Setting model with peer_14, REQ=set,peer_14,1,2,0,0,99
FL-experiment | INFO flwr 2024-03-13 13:52:54,362 | server.py:118 | PERUN REQUEST: Setting model with peer_15, REQ=set,peer_15,1,2,0,0,99
FL-experiment | INFO flwr 2024-03-13 13:52:54,366 | server.py:118 | PERUN REQUEST: Setting model with peer_16, REQ=set,peer_16,1,2,0,0,99
FL-experiment | INFO flwr 2024-03-13 13:52:54,371 | server.py:118 | PERUN REQUEST: Setting model with peer_17, REQ=set,peer_17,1,2,0,0,99
FL-experiment | INFO flwr 2024-03-13 13:52:54,374 | server.py:118 | PERUN REQUEST: Setting model with peer_18, REQ=set,peer_18,1,2,0,0,99
FL-experiment | INFO flwr 2024-03-13 13:52:54,377 | server.py:118 | PERUN REQUEST: Setting model with peer_19, REQ=set,peer_19,1,2,0,0,99
FL-experiment | INFO flwr 2024-03-13 13:52:54,380 | server.py:118 | PERUN REQUEST: Setting model with peer_20, REQ=set,peer_20,1,2,0,0,99
FL-experiment | INFO flwr 2024-03-13 13:52:54,382 | server.py:118 | PERUN REQUEST: Setting model with peer_21, REQ=set,peer_21,1,2,0,0,99
FL-experiment | INFO flwr 2024-03-13 13:52:54,385 | server.py:118 | PERUN REQUEST: Setting model with peer_22, REQ=set,peer_22,1,2,0,0,99
FL-experiment | INFO flwr 2024-03-13 13:52:54,388 | server.py:118 | PERUN REQUEST: Setting model with peer_23, REQ=set,peer_23,1,2,0,0,99
FL-experiment | INFO flwr 2024-03-13 13:52:54,391 | server.py:118 | PERUN REQUEST: Setting model with peer_24, REQ=set,peer_24,1,2,0,0,99
FL-experiment | INFO flwr 2024-03-13 13:52:54,393 | server.py:125 | Done sending aggregated model to perun nodes round=1
FL-experiment | INFO flwr 2024-03-13 13:52:54,393 | server.py:133 | Done Aggregating round=1
FL-experiment | INFO flwr 2024-03-13 13:52:54,393 | server.py:134 | Done Round=1
FL-experiment | INFO flwr 2024-03-13 13:52:54,393 | server.py:136 | Start Round=2
FL-experiment | DEBUG flwr 2024-03-13 13:52:54,393 | server.py:222 | fit_round 2: strategy sampled 25 clients (out of 25)
FL-experiment | INFO flwr 2024-03-13 13:52:54,401 | client.py:126 | Start Training client=5
FL-experiment | INFO flwr 2024-03-13 13:52:54,401 | client.py:126 | Start Training client=9
FL-experiment | INFO flwr 2024-03-13 13:52:54,401 | client.py:126 | Start Training client=14
FL-experiment | INFO flwr 2024-03-13 13:52:54,401 | client.py:126 | Start Training client=8
FL-experiment | INFO flwr 2024-03-13 13:52:54,401 | client.py:126 | Start Training client=18
FL-experiment | INFO flwr 2024-03-13 13:52:54,402 | client.py:126 | Start Training client=15
FL-experiment | INFO flwr 2024-03-13 13:52:54,403 | client.py:126 | Start Training client=3
FL-experiment | INFO flwr 2024-03-13 13:52:54,405 | client.py:126 | Start Training client=7
FL-experiment | INFO flwr 2024-03-13 13:52:54,407 | client.py:126 | Start Training client=20
FL-experiment | INFO flwr 2024-03-13 13:52:54,411 | client.py:126 | Start Training client=23
FL-experiment | INFO flwr 2024-03-13 13:52:54,415 | client.py:126 | Start Training client=22
FL-experiment | INFO flwr 2024-03-13 13:52:54,416 | client.py:126 | Start Training client=11
FL-experiment | INFO flwr 2024-03-13 13:52:54,420 | client.py:126 | Start Training client=2
FL-experiment | INFO flwr 2024-03-13 13:52:54,421 | client.py:126 | Start Training client=1
FL-experiment | DEBUG flwr 2024-03-13 13:53:23,456 | client.py:137 | File: storage/updated_weights_14_3769704b-b80c-4a54-9159-e4c0d2b8be49.pkl IPFS file hash: QmQU26kvZs7sXVgPqKD4yRJuh2ER9fEq9HxR75qcLu6zqQ
FL-experiment | INFO flwr 2024-03-13 13:53:23,456 | client.py:139 | Start sending updated weights to the perun node (client=14)
FL-experiment | INFO flwr 2024-03-13 13:53:23,457 | client.py:142 | PERUN REQUEST: Setting weight client=14, REQ=set,peer_25,1,2,10,0,0
FL-experiment | INFO flwr 2024-03-13 13:53:23,459 | client.py:144 | Done sending updated weights to the perun node (client=14)
FL-experiment | INFO flwr 2024-03-13 13:53:23,459 | client.py:147 | Done Training client=14
FL-experiment | INFO flwr 2024-03-13 13:53:23,464 | client.py:126 | Start Training client=12
FL-experiment | DEBUG flwr 2024-03-13 13:53:23,464 | client.py:137 | File: storage/updated_weights_11_23e1e48a-8edc-429d-bcda-7ca3dfbee94c.pkl IPFS file hash: QmRgvTW919rsuVjRfcgb3ptG1C2Dn1wB9poXmT4VB1EftP
FL-experiment | INFO flwr 2024-03-13 13:53:23,464 | client.py:139 | Start sending updated weights to the perun node (client=11)
FL-experiment | INFO flwr 2024-03-13 13:53:23,464 | client.py:142 | PERUN REQUEST: Setting weight client=11, REQ=set,peer_25,1,2,10,0,0
FL-experiment | INFO flwr 2024-03-13 13:53:23,467 | client.py:144 | Done sending updated weights to the perun node (client=11)
FL-experiment | INFO flwr 2024-03-13 13:53:23,467 | client.py:147 | Done Training client=11
FL-experiment | INFO flwr 2024-03-13 13:53:23,472 | client.py:126 | Start Training client=10
FL-experiment | DEBUG flwr 2024-03-13 13:53:23,560 | client.py:137 | File: storage/updated_weights_3_50b235ce-1bd4-48f9-bf94-cbbffaa59ad0.pkl IPFS file hash: QmfF3Bdc4aX8y4rdDS3Zsep19DEMAhfsk9zdoHy339rieb
FL-experiment | INFO flwr 2024-03-13 13:53:23,560 | client.py:139 | Start sending updated weights to the perun node (client=3)
FL-experiment | INFO flwr 2024-03-13 13:53:23,560 | client.py:142 | PERUN REQUEST: Setting weight client=3, REQ=set,peer_25,1,2,10,0,0
FL-experiment | INFO flwr 2024-03-13 13:53:23,571 | client.py:144 | Done sending updated weights to the perun node (client=3)
FL-experiment | INFO flwr 2024-03-13 13:53:23,571 | client.py:147 | Done Training client=3
FL-experiment | INFO flwr 2024-03-13 13:53:23,576 | client.py:126 | Start Training client=19
FL-experiment | DEBUG flwr 2024-03-13 13:53:24,274 | client.py:137 | File: storage/updated_weights_20_b5a0255d-3a29-4281-89f1-db9b83ffa682.pkl IPFS file hash: QmbuyhnRsHv9G3b5tC3WqHoqZD6L5Anm93MnLxJrMfEpaz
FL-experiment | INFO flwr 2024-03-13 13:53:24,274 | client.py:139 | Start sending updated weights to the perun node (client=20)
FL-experiment | INFO flwr 2024-03-13 13:53:24,274 | client.py:142 | PERUN REQUEST: Setting weight client=20, REQ=set,peer_25,1,2,10,0,0
FL-experiment | INFO flwr 2024-03-13 13:53:24,278 | client.py:144 | Done sending updated weights to the perun node (client=20)
FL-experiment | INFO flwr 2024-03-13 13:53:24,279 | client.py:147 | Done Training client=20
FL-experiment | INFO flwr 2024-03-13 13:53:24,283 | client.py:126 | Start Training client=4
FL-experiment | DEBUG flwr 2024-03-13 13:53:58,011 | client.py:137 | File: storage/updated_weights_10_c24c54eb-cd8e-4d04-ab9b-6757527b5de3.pkl IPFS file hash: QmZLR3yzjRUo1Pgnmo4BLpiMpdnaSNaN7zu21k8JUjcoqZ
FL-experiment | INFO flwr 2024-03-13 13:53:58,012 | client.py:139 | Start sending updated weights to the perun node (client=10)
FL-experiment | INFO flwr 2024-03-13 13:53:58,012 | client.py:142 | PERUN REQUEST: Setting weight client=10, REQ=set,peer_25,1,2,10,0,0
FL-experiment | INFO flwr 2024-03-13 13:53:58,017 | client.py:144 | Done sending updated weights to the perun node (client=10)
FL-experiment | INFO flwr 2024-03-13 13:53:58,017 | client.py:147 | Done Training client=10
FL-experiment | INFO flwr 2024-03-13 13:53:58,021 | client.py:126 | Start Training client=17
FL-experiment | DEBUG flwr 2024-03-13 13:53:58,079 | client.py:137 | File: storage/updated_weights_12_2f37713b-6448-4dff-a179-40be3493e622.pkl IPFS file hash: Qmans658YtbPJ6bTooHiMPhNAwKLJ5i1Tsv6VHW7JEHGp4
FL-experiment | INFO flwr 2024-03-13 13:53:58,080 | client.py:139 | Start sending updated weights to the perun node (client=12)
FL-experiment | INFO flwr 2024-03-13 13:53:58,080 | client.py:142 | PERUN REQUEST: Setting weight client=12, REQ=set,peer_25,1,2,10,0,0
FL-experiment | INFO flwr 2024-03-13 13:53:58,085 | client.py:144 | Done sending updated weights to the perun node (client=12)
FL-experiment | INFO flwr 2024-03-13 13:53:58,085 | client.py:147 | Done Training client=12
FL-experiment | INFO flwr 2024-03-13 13:53:58,090 | client.py:126 | Start Training client=16
FL-experiment | DEBUG flwr 2024-03-13 13:54:44,484 | client.py:137 | File: storage/updated_weights_22_011aa16d-11fe-4371-b2c5-1ec550f544ec.pkl IPFS file hash: QmeQo9QgafmPS7FswswjvdvgPeDhSByCRQsNXZJFy6HwPg
FL-experiment | INFO flwr 2024-03-13 13:54:44,485 | client.py:139 | Start sending updated weights to the perun node (client=22)
FL-experiment | INFO flwr 2024-03-13 13:54:44,485 | client.py:142 | PERUN REQUEST: Setting weight client=22, REQ=set,peer_25,1,2,10,0,0
FL-experiment | INFO flwr 2024-03-13 13:54:44,489 | client.py:144 | Done sending updated weights to the perun node (client=22)
FL-experiment | INFO flwr 2024-03-13 13:54:44,489 | client.py:147 | Done Training client=22
FL-experiment | INFO flwr 2024-03-13 13:54:44,494 | client.py:126 | Start Training client=24
FL-experiment | DEBUG flwr 2024-03-13 13:54:44,752 | client.py:137 | File: storage/updated_weights_18_64fb1a89-6324-4ba3-966e-506919b9b83f.pkl IPFS file hash: QmdpZpZ5abD6Gy7GXNZsKJae7g3tfp8UmhVtWp38myir2u
FL-experiment | INFO flwr 2024-03-13 13:54:44,752 | client.py:139 | Start sending updated weights to the perun node (client=18)
FL-experiment | INFO flwr 2024-03-13 13:54:44,752 | client.py:142 | PERUN REQUEST: Setting weight client=18, REQ=set,peer_25,1,2,10,0,0
FL-experiment | INFO flwr 2024-03-13 13:54:44,762 | client.py:144 | Done sending updated weights to the perun node (client=18)
FL-experiment | INFO flwr 2024-03-13 13:54:44,764 | client.py:147 | Done Training client=18
FL-experiment | INFO flwr 2024-03-13 13:54:44,776 | client.py:126 | Start Training client=0
FL-experiment | DEBUG flwr 2024-03-13 13:54:44,874 | client.py:137 | File: storage/updated_weights_8_a0acedfa-de31-4efa-8ecb-e8f33e844f13.pkl IPFS file hash: QmYcvmHDYRYgPzPXafkTyfGNdVeP3HCUQaWmuQkWMxZECu
FL-experiment | INFO flwr 2024-03-13 13:54:44,874 | client.py:139 | Start sending updated weights to the perun node (client=8)
FL-experiment | INFO flwr 2024-03-13 13:54:44,874 | client.py:142 | PERUN REQUEST: Setting weight client=8, REQ=set,peer_25,1,2,10,0,0
FL-experiment | INFO flwr 2024-03-13 13:54:44,880 | client.py:144 | Done sending updated weights to the perun node (client=8)
FL-experiment | INFO flwr 2024-03-13 13:54:44,880 | client.py:147 | Done Training client=8
FL-experiment | INFO flwr 2024-03-13 13:54:44,884 | client.py:126 | Start Training client=21
FL-experiment | DEBUG flwr 2024-03-13 13:54:45,101 | client.py:137 | File: storage/updated_weights_23_e3898306-eba7-456e-a649-826b98fafed1.pkl IPFS file hash: QmQFwoocJnMedBq2TrJdedWQmQEJMnPqaV5dNGTvBGYSEg
FL-experiment | INFO flwr 2024-03-13 13:54:45,101 | client.py:139 | Start sending updated weights to the perun node (client=23)
FL-experiment | INFO flwr 2024-03-13 13:54:45,105 | client.py:142 | PERUN REQUEST: Setting weight client=23, REQ=set,peer_25,1,2,10,0,0
FL-experiment | INFO flwr 2024-03-13 13:54:45,134 | client.py:144 | Done sending updated weights to the perun node (client=23)
FL-experiment | INFO flwr 2024-03-13 13:54:45,134 | client.py:147 | Done Training client=23
FL-experiment | INFO flwr 2024-03-13 13:54:45,144 | client.py:126 | Start Training client=13
FL-experiment | DEBUG flwr 2024-03-13 13:54:45,371 | client.py:137 | File: storage/updated_weights_5_444088b1-2a9a-449f-aaed-f058f7d2402c.pkl IPFS file hash: QmYr4cSBCirqbKNXopzk49H1Ay7JuvttickEsLV2a3Nmpo
FL-experiment | INFO flwr 2024-03-13 13:54:45,371 | client.py:139 | Start sending updated weights to the perun node (client=5)
FL-experiment | INFO flwr 2024-03-13 13:54:45,371 | client.py:142 | PERUN REQUEST: Setting weight client=5, REQ=set,peer_25,1,2,10,0,0
FL-experiment | INFO flwr 2024-03-13 13:54:45,388 | client.py:144 | Done sending updated weights to the perun node (client=5)
FL-experiment | INFO flwr 2024-03-13 13:54:45,388 | client.py:147 | Done Training client=5
FL-experiment | INFO flwr 2024-03-13 13:54:45,394 | client.py:126 | Start Training client=6
FL-experiment | DEBUG flwr 2024-03-13 13:54:45,623 | client.py:137 | File: storage/updated_weights_7_23ab731b-dcb2-4a97-a5bd-cf5885b04451.pkl IPFS file hash: QmfX3hsxHUmdFSdAY2XQHPf3bWakwpx4BKqCy7wpaEi2F6
FL-experiment | INFO flwr 2024-03-13 13:54:45,623 | client.py:139 | Start sending updated weights to the perun node (client=7)
FL-experiment | INFO flwr 2024-03-13 13:54:45,623 | client.py:142 | PERUN REQUEST: Setting weight client=7, REQ=set,peer_25,1,2,10,0,0
FL-experiment | INFO flwr 2024-03-13 13:54:45,647 | client.py:144 | Done sending updated weights to the perun node (client=7)
FL-experiment | INFO flwr 2024-03-13 13:54:45,647 | client.py:147 | Done Training client=7
FL-experiment | DEBUG flwr 2024-03-13 13:54:45,668 | client.py:137 | File: storage/updated_weights_2_3f0c9fcd-079f-45f1-87d7-af189c2081da.pkl IPFS file hash: QmX86BXaZSQc8XwE9z1y3tvi1qP2wr6z3mittEbEGFTY5F
FL-experiment | INFO flwr 2024-03-13 13:54:45,668 | client.py:139 | Start sending updated weights to the perun node (client=2)
FL-experiment | INFO flwr 2024-03-13 13:54:45,668 | client.py:142 | PERUN REQUEST: Setting weight client=2, REQ=set,peer_25,1,2,10,0,0
FL-experiment | INFO flwr 2024-03-13 13:54:45,675 | client.py:144 | Done sending updated weights to the perun node (client=2)
FL-experiment | INFO flwr 2024-03-13 13:54:45,675 | client.py:147 | Done Training client=2
FL-experiment | DEBUG flwr 2024-03-13 13:54:45,714 | client.py:137 | File: storage/updated_weights_1_ac53ccee-493b-487f-bfca-47ff7b23131f.pkl IPFS file hash: QmcHSHuQSvtDxu1R2tQk18zGxJ9CpfGHFdpJhxwLgoxdMC
FL-experiment | INFO flwr 2024-03-13 13:54:45,715 | client.py:139 | Start sending updated weights to the perun node (client=1)
FL-experiment | INFO flwr 2024-03-13 13:54:45,715 | client.py:142 | PERUN REQUEST: Setting weight client=1, REQ=set,peer_25,1,2,10,0,0
FL-experiment | INFO flwr 2024-03-13 13:54:45,718 | client.py:144 | Done sending updated weights to the perun node (client=1)
FL-experiment | INFO flwr 2024-03-13 13:54:45,718 | client.py:147 | Done Training client=1
FL-experiment | DEBUG flwr 2024-03-13 13:54:46,385 | client.py:137 | File: storage/updated_weights_15_c69e6d44-ae1e-4057-a418-5fc2adaea8c2.pkl IPFS file hash: Qmd8J3vFhgutiUmNoCwpagnN4pMQatnh4YY4V3vLt7kght
FL-experiment | INFO flwr 2024-03-13 13:54:46,385 | client.py:139 | Start sending updated weights to the perun node (client=15)
FL-experiment | INFO flwr 2024-03-13 13:54:46,385 | client.py:142 | PERUN REQUEST: Setting weight client=15, REQ=set,peer_25,1,2,10,0,0
FL-experiment | INFO flwr 2024-03-13 13:54:46,390 | client.py:144 | Done sending updated weights to the perun node (client=15)
FL-experiment | INFO flwr 2024-03-13 13:54:46,391 | client.py:147 | Done Training client=15
FL-experiment | DEBUG flwr 2024-03-13 13:54:46,393 | client.py:137 | File: storage/updated_weights_9_330b20d1-df56-4d20-bdfc-f65102a3300a.pkl IPFS file hash: QmTmNBtRWrZVNRXCMomRkmWXTHn7VxuNKTyjGoE22smR5Y
FL-experiment | INFO flwr 2024-03-13 13:54:46,393 | client.py:139 | Start sending updated weights to the perun node (client=9)
FL-experiment | INFO flwr 2024-03-13 13:54:46,393 | client.py:142 | PERUN REQUEST: Setting weight client=9, REQ=set,peer_25,1,2,10,0,0
FL-experiment | INFO flwr 2024-03-13 13:54:46,409 | client.py:144 | Done sending updated weights to the perun node (client=9)
FL-experiment | INFO flwr 2024-03-13 13:54:46,409 | client.py:147 | Done Training client=9
FL-experiment | DEBUG flwr 2024-03-13 13:54:55,517 | client.py:137 | File: storage/updated_weights_4_f7e5a02b-f321-40b3-96fe-ec861b07fcac.pkl IPFS file hash: QmNTKVgedjU8qqZqviJmdvbQHXvfUDJmwZ8WK5bb3fJWMK
FL-experiment | INFO flwr 2024-03-13 13:54:55,518 | client.py:139 | Start sending updated weights to the perun node (client=4)
FL-experiment | INFO flwr 2024-03-13 13:54:55,518 | client.py:142 | PERUN REQUEST: Setting weight client=4, REQ=set,peer_25,1,2,10,0,0
FL-experiment | INFO flwr 2024-03-13 13:54:55,533 | client.py:144 | Done sending updated weights to the perun node (client=4)
FL-experiment | INFO flwr 2024-03-13 13:54:55,533 | client.py:147 | Done Training client=4
FL-experiment | DEBUG flwr 2024-03-13 13:54:57,339 | client.py:137 | File: storage/updated_weights_19_d4e81f44-6c54-4fcf-9020-0c4f333cbf5e.pkl IPFS file hash: QmaENm8Sy2WVM4vTPeaWLjWQNKHUWjJAKLVRWfzkVRL5PB
FL-experiment | INFO flwr 2024-03-13 13:54:57,339 | client.py:139 | Start sending updated weights to the perun node (client=19)
FL-experiment | INFO flwr 2024-03-13 13:54:57,339 | client.py:142 | PERUN REQUEST: Setting weight client=19, REQ=set,peer_25,1,2,10,0,0
FL-experiment | INFO flwr 2024-03-13 13:54:57,352 | client.py:144 | Done sending updated weights to the perun node (client=19)
FL-experiment | INFO flwr 2024-03-13 13:54:57,352 | client.py:147 | Done Training client=19
FL-experiment | DEBUG flwr 2024-03-13 13:55:10,155 | client.py:137 | File: storage/updated_weights_16_1d490b57-4965-4379-8a59-354a95227c88.pkl IPFS file hash: QmZZg2EWySe1ujwHSDboGTJTUj5QKa6BJ7Y5QqEhxJTdeC
FL-experiment | INFO flwr 2024-03-13 13:55:10,155 | client.py:139 | Start sending updated weights to the perun node (client=16)
FL-experiment | INFO flwr 2024-03-13 13:55:10,155 | client.py:142 | PERUN REQUEST: Setting weight client=16, REQ=set,peer_25,1,2,10,0,0
FL-experiment | INFO flwr 2024-03-13 13:55:10,177 | client.py:144 | Done sending updated weights to the perun node (client=16)
FL-experiment | INFO flwr 2024-03-13 13:55:10,177 | client.py:147 | Done Training client=16
FL-experiment | DEBUG flwr 2024-03-13 13:55:11,342 | client.py:137 | File: storage/updated_weights_17_f838cf3c-5971-4c24-92a8-c220ff634dc1.pkl IPFS file hash: QmWK3tck2qjTqsAUQxY6m74f1FHrpJBFC47gTzT67mYmGH
FL-experiment | INFO flwr 2024-03-13 13:55:11,342 | client.py:139 | Start sending updated weights to the perun node (client=17)
FL-experiment | INFO flwr 2024-03-13 13:55:11,342 | client.py:142 | PERUN REQUEST: Setting weight client=17, REQ=set,peer_25,1,2,10,0,0
FL-experiment | INFO flwr 2024-03-13 13:55:11,360 | client.py:144 | Done sending updated weights to the perun node (client=17)
FL-experiment | INFO flwr 2024-03-13 13:55:11,360 | client.py:147 | Done Training client=17
FL-experiment | DEBUG flwr 2024-03-13 13:55:16,549 | client.py:137 | File: storage/updated_weights_0_f6063206-25d5-41bc-b0ab-6f1044e3095f.pkl IPFS file hash: QmXdB9bbJxoeyeAzAnS3168LapxGmeBxxiNMYS4fy1dCTq
FL-experiment | INFO flwr 2024-03-13 13:55:16,549 | client.py:139 | Start sending updated weights to the perun node (client=0)
FL-experiment | INFO flwr 2024-03-13 13:55:16,549 | client.py:142 | PERUN REQUEST: Setting weight client=0, REQ=set,peer_25,1,2,10,0,0
FL-experiment | INFO flwr 2024-03-13 13:55:16,559 | client.py:144 | Done sending updated weights to the perun node (client=0)
FL-experiment | INFO flwr 2024-03-13 13:55:16,559 | client.py:147 | Done Training client=0
FL-experiment | DEBUG flwr 2024-03-13 13:55:16,783 | client.py:137 | File: storage/updated_weights_21_8d7f8161-a602-4686-a427-ac24aaab5d76.pkl IPFS file hash: QmPvynDd6HhDkrb4MZ3hCpELFTShoS2Vweo2HiT7Ma5vwo
FL-experiment | INFO flwr 2024-03-13 13:55:16,783 | client.py:139 | Start sending updated weights to the perun node (client=21)
FL-experiment | INFO flwr 2024-03-13 13:55:16,783 | client.py:142 | PERUN REQUEST: Setting weight client=21, REQ=set,peer_25,1,2,10,0,0
FL-experiment | INFO flwr 2024-03-13 13:55:16,796 | client.py:144 | Done sending updated weights to the perun node (client=21)
FL-experiment | INFO flwr 2024-03-13 13:55:16,796 | client.py:147 | Done Training client=21
FL-experiment | DEBUG flwr 2024-03-13 13:55:23,944 | client.py:137 | File: storage/updated_weights_13_51ac9e1c-43dc-4ca3-8d7f-3913479c444f.pkl IPFS file hash: QmfQxpe4R2XgiKUreBcKrpqM5VzPrccBLRaqUccXjNVENL
FL-experiment | INFO flwr 2024-03-13 13:55:23,945 | client.py:139 | Start sending updated weights to the perun node (client=13)
FL-experiment | INFO flwr 2024-03-13 13:55:23,945 | client.py:142 | PERUN REQUEST: Setting weight client=13, REQ=set,peer_25,1,2,10,0,0
FL-experiment | INFO flwr 2024-03-13 13:55:23,956 | client.py:144 | Done sending updated weights to the perun node (client=13)
FL-experiment | INFO flwr 2024-03-13 13:55:23,956 | client.py:147 | Done Training client=13
FL-experiment | DEBUG flwr 2024-03-13 13:55:24,293 | client.py:137 | File: storage/updated_weights_6_51519797-b6d0-46a2-91f1-5fd6ade95613.pkl IPFS file hash: QmXdM5rMjzGq6wFFRZAuc9aSRjJf8nAAPjok3nFSnatDyG
FL-experiment | INFO flwr 2024-03-13 13:55:24,293 | client.py:139 | Start sending updated weights to the perun node (client=6)
FL-experiment | INFO flwr 2024-03-13 13:55:24,294 | client.py:142 | PERUN REQUEST: Setting weight client=6, REQ=set,peer_25,1,2,10,0,0
FL-experiment | INFO flwr 2024-03-13 13:55:24,299 | client.py:144 | Done sending updated weights to the perun node (client=6)
FL-experiment | INFO flwr 2024-03-13 13:55:24,299 | client.py:147 | Done Training client=6
FL-experiment | DEBUG flwr 2024-03-13 13:55:24,469 | client.py:137 | File: storage/updated_weights_24_9f791635-0d41-4acd-a911-9ccc2c976c95.pkl IPFS file hash: QmSrTQSGpgrgJ7iwpVvshfpfAebYfYGRh5PeLKH5qBYRQ1
FL-experiment | INFO flwr 2024-03-13 13:55:24,469 | client.py:139 | Start sending updated weights to the perun node (client=24)
FL-experiment | INFO flwr 2024-03-13 13:55:24,469 | client.py:142 | PERUN REQUEST: Setting weight client=24, REQ=set,peer_25,1,2,10,0,0
FL-experiment | INFO flwr 2024-03-13 13:55:24,481 | client.py:144 | Done sending updated weights to the perun node (client=24)
FL-experiment | INFO flwr 2024-03-13 13:55:24,481 | client.py:147 | Done Training client=24
FL-experiment | DEBUG flwr 2024-03-13 13:55:24,483 | server.py:236 | fit_round 2 received 25 results and 0 failures
FL-experiment | INFO flwr 2024-03-13 13:55:24,483 | server.py:70 | Start Aggregating round=2
FL-experiment | INFO flwr 2024-03-13 13:55:24,506 | server.py:90 | Start saving aggregated model to storage (round=2)
FL-experiment | DEBUG flwr 2024-03-13 13:55:24,533 | server.py:99 | File: storage/aggregated_model_3b2894d8-d2a0-4d1f-aee7-70a2b04debdb.pkl IPFS file hash: QmZqEpEVBeEjsEPJo99vtEfVR6kpUoZJnLtwxwqT3stPWp
FL-experiment | INFO flwr 2024-03-13 13:55:24,533 | server.py:102 | Done saving aggregated model to storage (round=2)
FL-experiment | DEBUG flwr 2024-03-13 13:55:24,533 | server.py:173 | evaluate_round 2: strategy sampled 25 clients (out of 25)
FL-experiment | DEBUG flwr 2024-03-13 13:55:35,103 | server.py:187 | evaluate_round 2 received 25 results and 0 failures
FL-experiment | INFO flwr 2024-03-13 13:55:35,104 | server.py:109 | Start evaluating fit round=2
FL-experiment | INFO flwr 2024-03-13 13:55:35,105 | server.py:111 | Done Evaluating fit round=2
FL-experiment | DEBUG flwr 2024-03-13 13:55:35,105 | server.py:112 | Round: 2, Aggregated accuracy: {'accuracy': 0.393008}, Aggregated loss: 521.0419970703125, IPFS hash: QmZqEpEVBeEjsEPJo99vtEfVR6kpUoZJnLtwxwqT3stPWp
FL-experiment | INFO flwr 2024-03-13 13:55:35,105 | server.py:115 | Start sending aggregated model to perun nodes round=2
FL-experiment | INFO flwr 2024-03-13 13:55:35,105 | server.py:118 | PERUN REQUEST: Setting model with peer_0, REQ=set,peer_0,1,2,0,0,99
FL-experiment | INFO flwr 2024-03-13 13:55:35,115 | server.py:118 | PERUN REQUEST: Setting model with peer_1, REQ=set,peer_1,1,2,0,0,99
FL-experiment | INFO flwr 2024-03-13 13:55:35,120 | server.py:118 | PERUN REQUEST: Setting model with peer_2, REQ=set,peer_2,1,2,0,0,99
FL-experiment | INFO flwr 2024-03-13 13:55:35,134 | server.py:118 | PERUN REQUEST: Setting model with peer_3, REQ=set,peer_3,1,2,0,0,99
FL-experiment | INFO flwr 2024-03-13 13:55:35,136 | server.py:118 | PERUN REQUEST: Setting model with peer_4, REQ=set,peer_4,1,2,0,0,99
FL-experiment | INFO flwr 2024-03-13 13:55:35,138 | server.py:118 | PERUN REQUEST: Setting model with peer_5, REQ=set,peer_5,1,2,0,0,99
FL-experiment | INFO flwr 2024-03-13 13:55:35,140 | server.py:118 | PERUN REQUEST: Setting model with peer_6, REQ=set,peer_6,1,2,0,0,99
FL-experiment | INFO flwr 2024-03-13 13:55:35,142 | server.py:118 | PERUN REQUEST: Setting model with peer_7, REQ=set,peer_7,1,2,0,0,99
FL-experiment | INFO flwr 2024-03-13 13:55:35,144 | server.py:118 | PERUN REQUEST: Setting model with peer_8, REQ=set,peer_8,1,2,0,0,99
FL-experiment | INFO flwr 2024-03-13 13:55:35,146 | server.py:118 | PERUN REQUEST: Setting model with peer_9, REQ=set,peer_9,1,2,0,0,99
FL-experiment | INFO flwr 2024-03-13 13:55:35,148 | server.py:118 | PERUN REQUEST: Setting model with peer_10, REQ=set,peer_10,1,2,0,0,99
FL-experiment | INFO flwr 2024-03-13 13:55:35,150 | server.py:118 | PERUN REQUEST: Setting model with peer_11, REQ=set,peer_11,1,2,0,0,99
FL-experiment | INFO flwr 2024-03-13 13:55:35,152 | server.py:118 | PERUN REQUEST: Setting model with peer_12, REQ=set,peer_12,1,2,0,0,99
FL-experiment | INFO flwr 2024-03-13 13:55:35,154 | server.py:118 | PERUN REQUEST: Setting model with peer_13, REQ=set,peer_13,1,2,0,0,99
FL-experiment | INFO flwr 2024-03-13 13:55:35,156 | server.py:118 | PERUN REQUEST: Setting model with peer_14, REQ=set,peer_14,1,2,0,0,99
FL-experiment | INFO flwr 2024-03-13 13:55:35,158 | server.py:118 | PERUN REQUEST: Setting model with peer_15, REQ=set,peer_15,1,2,0,0,99
FL-experiment | INFO flwr 2024-03-13 13:55:35,160 | server.py:118 | PERUN REQUEST: Setting model with peer_16, REQ=set,peer_16,1,2,0,0,99
FL-experiment | INFO flwr 2024-03-13 13:55:35,162 | server.py:118 | PERUN REQUEST: Setting model with peer_17, REQ=set,peer_17,1,2,0,0,99
FL-experiment | INFO flwr 2024-03-13 13:55:35,164 | server.py:118 | PERUN REQUEST: Setting model with peer_18, REQ=set,peer_18,1,2,0,0,99
FL-experiment | INFO flwr 2024-03-13 13:55:35,167 | server.py:118 | PERUN REQUEST: Setting model with peer_19, REQ=set,peer_19,1,2,0,0,99
FL-experiment | INFO flwr 2024-03-13 13:55:35,169 | server.py:118 | PERUN REQUEST: Setting model with peer_20, REQ=set,peer_20,1,2,0,0,99
FL-experiment | INFO flwr 2024-03-13 13:55:35,172 | server.py:118 | PERUN REQUEST: Setting model with peer_21, REQ=set,peer_21,1,2,0,0,99
FL-experiment | INFO flwr 2024-03-13 13:55:35,174 | server.py:118 | PERUN REQUEST: Setting model with peer_22, REQ=set,peer_22,1,2,0,0,99
FL-experiment | INFO flwr 2024-03-13 13:55:35,176 | server.py:118 | PERUN REQUEST: Setting model with peer_23, REQ=set,peer_23,1,2,0,0,99
FL-experiment | INFO flwr 2024-03-13 13:55:35,178 | server.py:118 | PERUN REQUEST: Setting model with peer_24, REQ=set,peer_24,1,2,0,0,99
FL-experiment | INFO flwr 2024-03-13 13:55:35,179 | server.py:125 | Done sending aggregated model to perun nodes round=2
FL-experiment | INFO flwr 2024-03-13 13:55:35,180 | server.py:133 | Done Aggregating round=2
FL-experiment | INFO flwr 2024-03-13 13:55:35,180 | server.py:134 | Done Round=2
FL-experiment | INFO flwr 2024-03-13 13:55:35,180 | server.py:153 | FL finished in 321.776861416
FL-experiment | INFO flwr 2024-03-13 13:55:35,180 | app.py:226 | app_fit: losses_distributed [(1, 614.0412036132813), (2, 521.0419970703125)]
FL-experiment | INFO flwr 2024-03-13 13:55:35,180 | app.py:227 | app_fit: metrics_distributed_fit {}
FL-experiment | INFO flwr 2024-03-13 13:55:35,180 | app.py:228 | app_fit: metrics_distributed {'accuracy': [(1, 0.295572), (2, 0.393008)]}
FL-experiment | INFO flwr 2024-03-13 13:55:35,180 | app.py:229 | app_fit: losses_centralized []
FL-experiment | INFO flwr 2024-03-13 13:55:35,180 | app.py:230 | app_fit: metrics_centralized {}
FL-experiment | DEBUG flwr 2024-03-13 13:55:35,184 | connection.py:141 | gRPC channel closed
FL-experiment | INFO flwr 2024-03-13 13:55:35,185 | app.py:304 | Disconnect and shut down
FL-experiment | DEBUG flwr 2024-03-13 13:55:35,187 | connection.py:141 | gRPC channel closed
FL-experiment | INFO flwr 2024-03-13 13:55:35,187 | app.py:304 | Disconnect and shut down
FL-experiment | DEBUG flwr 2024-03-13 13:55:35,195 | connection.py:141 | gRPC channel closed
FL-experiment | DEBUG flwr 2024-03-13 13:55:35,195 | connection.py:141 | gRPC channel closed
FL-experiment | INFO flwr 2024-03-13 13:55:35,195 | app.py:304 | Disconnect and shut down
FL-experiment | INFO flwr 2024-03-13 13:55:35,195 | app.py:304 | Disconnect and shut down
FL-experiment | DEBUG flwr 2024-03-13 13:55:35,195 | connection.py:141 | gRPC channel closed
FL-experiment | DEBUG flwr 2024-03-13 13:55:35,195 | connection.py:141 | gRPC channel closed
FL-experiment | INFO flwr 2024-03-13 13:55:35,196 | app.py:304 | Disconnect and shut down
FL-experiment | INFO flwr 2024-03-13 13:55:35,196 | app.py:304 | Disconnect and shut down
FL-experiment | DEBUG flwr 2024-03-13 13:55:35,196 | connection.py:141 | gRPC channel closed
FL-experiment | INFO flwr 2024-03-13 13:55:35,196 | app.py:304 | Disconnect and shut down
FL-experiment | DEBUG flwr 2024-03-13 13:55:35,196 | connection.py:141 | gRPC channel closed
FL-experiment | INFO flwr 2024-03-13 13:55:35,196 | app.py:304 | Disconnect and shut down
FL-experiment | DEBUG flwr 2024-03-13 13:55:35,196 | connection.py:141 | gRPC channel closed
FL-experiment | DEBUG flwr 2024-03-13 13:55:35,196 | connection.py:141 | gRPC channel closed
FL-experiment | DEBUG flwr 2024-03-13 13:55:35,196 | connection.py:141 | gRPC channel closed
FL-experiment | INFO flwr 2024-03-13 13:55:35,196 | app.py:304 | Disconnect and shut down
FL-experiment | DEBUG flwr 2024-03-13 13:55:35,196 | connection.py:141 | gRPC channel closed
FL-experiment | INFO flwr 2024-03-13 13:55:35,196 | app.py:304 | Disconnect and shut down
FL-experiment | INFO flwr 2024-03-13 13:55:35,196 | app.py:304 | Disconnect and shut down
FL-experiment | INFO flwr 2024-03-13 13:55:35,196 | app.py:304 | Disconnect and shut down
FL-experiment | DEBUG flwr 2024-03-13 13:55:35,197 | connection.py:141 | gRPC channel closed
FL-experiment | DEBUG flwr 2024-03-13 13:55:35,197 | connection.py:141 | gRPC channel closed
FL-experiment | INFO flwr 2024-03-13 13:55:35,197 | app.py:304 | Disconnect and shut down
FL-experiment | INFO flwr 2024-03-13 13:55:35,197 | app.py:304 | Disconnect and shut down
FL-experiment | DEBUG flwr 2024-03-13 13:55:35,199 | connection.py:141 | gRPC channel closed
FL-experiment | INFO flwr 2024-03-13 13:55:35,200 | app.py:304 | Disconnect and shut down
FL-experiment | DEBUG flwr 2024-03-13 13:55:35,200 | connection.py:141 | gRPC channel closed
FL-experiment | INFO flwr 2024-03-13 13:55:35,200 | app.py:304 | Disconnect and shut down
FL-experiment | DEBUG flwr 2024-03-13 13:55:35,203 | connection.py:141 | gRPC channel closed
FL-experiment | INFO flwr 2024-03-13 13:55:35,203 | app.py:304 | Disconnect and shut down
FL-experiment | DEBUG flwr 2024-03-13 13:55:35,206 | connection.py:141 | gRPC channel closed
FL-experiment | DEBUG flwr 2024-03-13 13:55:35,206 | connection.py:141 | gRPC channel closed
FL-experiment | INFO flwr 2024-03-13 13:55:35,206 | app.py:304 | Disconnect and shut down
FL-experiment | INFO flwr 2024-03-13 13:55:35,207 | app.py:304 | Disconnect and shut down
FL-experiment | DEBUG flwr 2024-03-13 13:55:35,207 | connection.py:141 | gRPC channel closed
FL-experiment | INFO flwr 2024-03-13 13:55:35,207 | app.py:304 | Disconnect and shut down
FL-experiment | DEBUG flwr 2024-03-13 13:55:35,208 | connection.py:141 | gRPC channel closed
FL-experiment | INFO flwr 2024-03-13 13:55:35,208 | app.py:304 | Disconnect and shut down
FL-experiment | DEBUG flwr 2024-03-13 13:55:35,209 | connection.py:141 | gRPC channel closed
FL-experiment | INFO flwr 2024-03-13 13:55:35,209 | app.py:304 | Disconnect and shut down
FL-experiment | DEBUG flwr 2024-03-13 13:55:35,210 | connection.py:141 | gRPC channel closed
FL-experiment | INFO flwr 2024-03-13 13:55:35,211 | app.py:304 | Disconnect and shut down
FL-experiment | DEBUG flwr 2024-03-13 13:55:35,212 | connection.py:141 | gRPC channel closed
FL-experiment | DEBUG flwr 2024-03-13 13:55:35,212 | connection.py:141 | gRPC channel closed
FL-experiment | INFO flwr 2024-03-13 13:55:35,212 | app.py:304 | Disconnect and shut down
FL-experiment | INFO flwr 2024-03-13 13:55:35,213 | app.py:304 | Disconnect and shut down
FL-experiment | INFO flwr 2024-03-13 13:55:40,919 | main.py:57 | Start settling channels
FL-experiment | INFO flwr 2024-03-13 14:08:08,731 | main.py:59 | Done settling channels
FL-experiment | INFO flwr 2024-03-13 14:08:08,732 | main.py:61 | Done Experiment
