FL-experiment | INFO flwr 2024-03-04 13:30:28,481 | main.py:37 | Config: INCENTIVES_ON=False, IPFS_ON=False, NUM_CLIENTS=10, NUM_ROUNDS=3
FL-experiment | INFO flwr 2024-03-04 13:30:28,481 | main.py:38 | Start Experiment
FL-experiment | INFO flwr 2024-03-04 13:30:29,496 | server.py:35 | Start Round=1
FL-experiment | INFO flwr 2024-03-04 13:30:29,496 | app.py:163 | Starting Flower server, config: ServerConfig(num_rounds=3, round_timeout=None)
FL-experiment | INFO flwr 2024-03-04 13:30:29,507 | app.py:176 | Flower ECE: gRPC server running (3 rounds), SSL is disabled
FL-experiment | INFO flwr 2024-03-04 13:30:29,508 | server.py:89 | Initializing global parameters
FL-experiment | INFO flwr 2024-03-04 13:30:29,508 | server.py:276 | Requesting initial parameters from one random client
FL-experiment | INFO flwr 2024-03-04 13:30:37,973 | grpc.py:52 | Opened insecure gRPC connection (no certificates were passed)
FL-experiment | DEBUG flwr 2024-03-04 13:30:37,973 | connection.py:42 | ChannelConnectivity.IDLE
FL-experiment | DEBUG flwr 2024-03-04 13:30:37,979 | connection.py:42 | ChannelConnectivity.READY
FL-experiment | INFO flwr 2024-03-04 13:30:37,983 | server.py:280 | Received initial parameters from one random client
FL-experiment | INFO flwr 2024-03-04 13:30:37,983 | server.py:91 | Evaluating initial parameters
FL-experiment | INFO flwr 2024-03-04 13:30:37,983 | server.py:104 | FL starting
FL-experiment | INFO flwr 2024-03-04 13:30:38,198 | grpc.py:52 | Opened insecure gRPC connection (no certificates were passed)
FL-experiment | DEBUG flwr 2024-03-04 13:30:38,199 | connection.py:42 | ChannelConnectivity.IDLE
FL-experiment | DEBUG flwr 2024-03-04 13:30:38,199 | connection.py:42 | ChannelConnectivity.READY
FL-experiment | INFO flwr 2024-03-04 13:30:38,380 | grpc.py:52 | Opened insecure gRPC connection (no certificates were passed)
FL-experiment | DEBUG flwr 2024-03-04 13:30:38,381 | connection.py:42 | ChannelConnectivity.IDLE
FL-experiment | DEBUG flwr 2024-03-04 13:30:38,382 | connection.py:42 | ChannelConnectivity.CONNECTING
FL-experiment | DEBUG flwr 2024-03-04 13:30:38,382 | connection.py:42 | ChannelConnectivity.READY
FL-experiment | INFO flwr 2024-03-04 13:30:38,412 | grpc.py:52 | Opened insecure gRPC connection (no certificates were passed)
FL-experiment | DEBUG flwr 2024-03-04 13:30:38,413 | connection.py:42 | ChannelConnectivity.IDLE
FL-experiment | DEBUG flwr 2024-03-04 13:30:38,413 | connection.py:42 | ChannelConnectivity.CONNECTING
FL-experiment | DEBUG flwr 2024-03-04 13:30:38,414 | connection.py:42 | ChannelConnectivity.READY
FL-experiment | INFO flwr 2024-03-04 13:30:38,590 | grpc.py:52 | Opened insecure gRPC connection (no certificates were passed)
FL-experiment | DEBUG flwr 2024-03-04 13:30:38,591 | connection.py:42 | ChannelConnectivity.IDLE
FL-experiment | DEBUG flwr 2024-03-04 13:30:38,594 | connection.py:42 | ChannelConnectivity.CONNECTING
FL-experiment | DEBUG flwr 2024-03-04 13:30:38,594 | connection.py:42 | ChannelConnectivity.READY
FL-experiment | INFO flwr 2024-03-04 13:30:38,675 | grpc.py:52 | Opened insecure gRPC connection (no certificates were passed)
FL-experiment | DEBUG flwr 2024-03-04 13:30:38,676 | connection.py:42 | ChannelConnectivity.IDLE
FL-experiment | DEBUG flwr 2024-03-04 13:30:38,678 | connection.py:42 | ChannelConnectivity.READY
FL-experiment | INFO flwr 2024-03-04 13:30:38,744 | grpc.py:52 | Opened insecure gRPC connection (no certificates were passed)
FL-experiment | DEBUG flwr 2024-03-04 13:30:38,748 | connection.py:42 | ChannelConnectivity.IDLE
FL-experiment | DEBUG flwr 2024-03-04 13:30:38,751 | connection.py:42 | ChannelConnectivity.READY
FL-experiment | INFO flwr 2024-03-04 13:30:38,834 | grpc.py:52 | Opened insecure gRPC connection (no certificates were passed)
FL-experiment | DEBUG flwr 2024-03-04 13:30:38,843 | connection.py:42 | ChannelConnectivity.IDLE
FL-experiment | DEBUG flwr 2024-03-04 13:30:38,844 | connection.py:42 | ChannelConnectivity.CONNECTING
FL-experiment | DEBUG flwr 2024-03-04 13:30:38,844 | connection.py:42 | ChannelConnectivity.READY
FL-experiment | INFO flwr 2024-03-04 13:30:39,335 | grpc.py:52 | Opened insecure gRPC connection (no certificates were passed)
FL-experiment | DEBUG flwr 2024-03-04 13:30:39,337 | connection.py:42 | ChannelConnectivity.IDLE
FL-experiment | DEBUG flwr 2024-03-04 13:30:39,338 | connection.py:42 | ChannelConnectivity.CONNECTING
FL-experiment | DEBUG flwr 2024-03-04 13:30:39,338 | connection.py:42 | ChannelConnectivity.READY
FL-experiment | INFO flwr 2024-03-04 13:30:39,355 | grpc.py:52 | Opened insecure gRPC connection (no certificates were passed)
FL-experiment | DEBUG flwr 2024-03-04 13:30:39,356 | connection.py:42 | ChannelConnectivity.IDLE
FL-experiment | DEBUG flwr 2024-03-04 13:30:39,358 | server.py:222 | fit_round 1: strategy sampled 10 clients (out of 10)
FL-experiment | INFO flwr 2024-03-04 13:30:39,361 | client.py:126 | Start Training client=7
FL-experiment | INFO flwr 2024-03-04 13:30:39,361 | client.py:126 | Start Training client=4
FL-experiment | INFO flwr 2024-03-04 13:30:39,362 | client.py:126 | Start Training client=8
FL-experiment | INFO flwr 2024-03-04 13:30:39,362 | client.py:126 | Start Training client=2
FL-experiment | INFO flwr 2024-03-04 13:30:39,363 | client.py:126 | Start Training client=0
FL-experiment | DEBUG flwr 2024-03-04 13:30:39,358 | connection.py:42 | ChannelConnectivity.CONNECTING
FL-experiment | DEBUG flwr 2024-03-04 13:30:39,364 | connection.py:42 | ChannelConnectivity.READY
FL-experiment | INFO flwr 2024-03-04 13:30:39,365 | client.py:126 | Start Training client=6
FL-experiment | INFO flwr 2024-03-04 13:30:39,368 | client.py:126 | Start Training client=5
FL-experiment | INFO flwr 2024-03-04 13:30:39,368 | client.py:126 | Start Training client=1
FL-experiment | INFO flwr 2024-03-04 13:30:39,370 | client.py:126 | Start Training client=9
FL-experiment | INFO flwr 2024-03-04 13:30:39,377 | client.py:126 | Start Training client=3
FL-experiment | INFO flwr 2024-03-04 13:31:28,034 | client.py:139 | Start sending updated weights to the perun node (client=2)
FL-experiment | INFO flwr 2024-03-04 13:31:28,034 | client.py:147 | Done Training client=2
FL-experiment | INFO flwr 2024-03-04 13:31:28,243 | client.py:139 | Start sending updated weights to the perun node (client=9)
FL-experiment | INFO flwr 2024-03-04 13:31:28,243 | client.py:147 | Done Training client=9
FL-experiment | INFO flwr 2024-03-04 13:31:28,282 | client.py:139 | Start sending updated weights to the perun node (client=5)
FL-experiment | INFO flwr 2024-03-04 13:31:28,282 | client.py:147 | Done Training client=5
FL-experiment | INFO flwr 2024-03-04 13:31:28,334 | client.py:139 | Start sending updated weights to the perun node (client=0)
FL-experiment | INFO flwr 2024-03-04 13:31:28,335 | client.py:147 | Done Training client=0
FL-experiment | INFO flwr 2024-03-04 13:31:28,341 | client.py:139 | Start sending updated weights to the perun node (client=6)
FL-experiment | INFO flwr 2024-03-04 13:31:28,341 | client.py:147 | Done Training client=6
FL-experiment | INFO flwr 2024-03-04 13:31:28,391 | client.py:139 | Start sending updated weights to the perun node (client=1)
FL-experiment | INFO flwr 2024-03-04 13:31:28,391 | client.py:147 | Done Training client=1
FL-experiment | INFO flwr 2024-03-04 13:31:28,394 | client.py:139 | Start sending updated weights to the perun node (client=4)
FL-experiment | INFO flwr 2024-03-04 13:31:28,394 | client.py:147 | Done Training client=4
FL-experiment | INFO flwr 2024-03-04 13:31:28,502 | client.py:139 | Start sending updated weights to the perun node (client=3)
FL-experiment | INFO flwr 2024-03-04 13:31:28,502 | client.py:147 | Done Training client=3
FL-experiment | INFO flwr 2024-03-04 13:31:28,523 | client.py:139 | Start sending updated weights to the perun node (client=7)
FL-experiment | INFO flwr 2024-03-04 13:31:28,523 | client.py:147 | Done Training client=7
FL-experiment | INFO flwr 2024-03-04 13:31:28,774 | client.py:139 | Start sending updated weights to the perun node (client=8)
FL-experiment | INFO flwr 2024-03-04 13:31:28,774 | client.py:147 | Done Training client=8
FL-experiment | DEBUG flwr 2024-03-04 13:31:28,776 | server.py:236 | fit_round 1 received 10 results and 0 failures
FL-experiment | INFO flwr 2024-03-04 13:31:28,776 | server.py:52 | Start Aggregating round=1
FL-experiment | WARNING flwr 2024-03-04 13:31:28,785 | fedavg.py:242 | No fit_metrics_aggregation_fn provided
FL-experiment | DEBUG flwr 2024-03-04 13:31:28,786 | server.py:173 | evaluate_round 1: strategy sampled 10 clients (out of 10)
FL-experiment | DEBUG flwr 2024-03-04 13:31:32,341 | server.py:187 | evaluate_round 1 received 10 results and 0 failures
FL-experiment | INFO flwr 2024-03-04 13:31:32,341 | server.py:77 | Start evaluating fit round=1
FL-experiment | INFO flwr 2024-03-04 13:31:32,341 | server.py:79 | Done Evaluating fit round=1
FL-experiment | DEBUG flwr 2024-03-04 13:31:32,341 | server.py:80 | Round: 1, Aggregated accuracy: {'accuracy': 0.2156}, Aggregated loss: 718.0658508300781, IPFS hash: storage/aggregated_model_0874ef14-daa8-4ca1-93d7-c6a6e29c995f.pkl
FL-experiment | INFO flwr 2024-03-04 13:31:32,341 | server.py:95 | Done Aggregating round=1
FL-experiment | INFO flwr 2024-03-04 13:31:32,341 | server.py:96 | Done Round=1
FL-experiment | INFO flwr 2024-03-04 13:31:32,341 | server.py:98 | Start Round=2
FL-experiment | DEBUG flwr 2024-03-04 13:31:32,341 | server.py:222 | fit_round 2: strategy sampled 10 clients (out of 10)
FL-experiment | INFO flwr 2024-03-04 13:31:32,343 | client.py:126 | Start Training client=6
FL-experiment | INFO flwr 2024-03-04 13:31:32,344 | client.py:126 | Start Training client=8
FL-experiment | INFO flwr 2024-03-04 13:31:32,344 | client.py:126 | Start Training client=4
FL-experiment | INFO flwr 2024-03-04 13:31:32,344 | client.py:126 | Start Training client=1
FL-experiment | INFO flwr 2024-03-04 13:31:32,345 | client.py:126 | Start Training client=7
FL-experiment | INFO flwr 2024-03-04 13:31:32,345 | client.py:126 | Start Training client=9
FL-experiment | INFO flwr 2024-03-04 13:31:32,345 | client.py:126 | Start Training client=5
FL-experiment | INFO flwr 2024-03-04 13:31:32,346 | client.py:126 | Start Training client=2
FL-experiment | INFO flwr 2024-03-04 13:31:32,346 | client.py:126 | Start Training client=0
FL-experiment | INFO flwr 2024-03-04 13:31:32,348 | client.py:126 | Start Training client=3
FL-experiment | INFO flwr 2024-03-04 13:32:21,386 | client.py:139 | Start sending updated weights to the perun node (client=0)
FL-experiment | INFO flwr 2024-03-04 13:32:21,386 | client.py:147 | Done Training client=0
FL-experiment | INFO flwr 2024-03-04 13:32:21,764 | client.py:139 | Start sending updated weights to the perun node (client=9)
FL-experiment | INFO flwr 2024-03-04 13:32:21,764 | client.py:147 | Done Training client=9
FL-experiment | INFO flwr 2024-03-04 13:32:21,893 | client.py:139 | Start sending updated weights to the perun node (client=7)
FL-experiment | INFO flwr 2024-03-04 13:32:21,894 | client.py:147 | Done Training client=7
FL-experiment | INFO flwr 2024-03-04 13:32:21,954 | client.py:139 | Start sending updated weights to the perun node (client=5)
FL-experiment | INFO flwr 2024-03-04 13:32:21,954 | client.py:147 | Done Training client=5
FL-experiment | INFO flwr 2024-03-04 13:32:22,104 | client.py:139 | Start sending updated weights to the perun node (client=3)
FL-experiment | INFO flwr 2024-03-04 13:32:22,105 | client.py:147 | Done Training client=3
FL-experiment | INFO flwr 2024-03-04 13:32:22,171 | client.py:139 | Start sending updated weights to the perun node (client=4)
FL-experiment | INFO flwr 2024-03-04 13:32:22,171 | client.py:147 | Done Training client=4
FL-experiment | INFO flwr 2024-03-04 13:32:22,208 | client.py:139 | Start sending updated weights to the perun node (client=2)
FL-experiment | INFO flwr 2024-03-04 13:32:22,209 | client.py:147 | Done Training client=2
FL-experiment | INFO flwr 2024-03-04 13:32:22,245 | client.py:139 | Start sending updated weights to the perun node (client=6)
FL-experiment | INFO flwr 2024-03-04 13:32:22,245 | client.py:147 | Done Training client=6
FL-experiment | INFO flwr 2024-03-04 13:32:22,348 | client.py:139 | Start sending updated weights to the perun node (client=8)
FL-experiment | INFO flwr 2024-03-04 13:32:22,348 | client.py:147 | Done Training client=8
FL-experiment | INFO flwr 2024-03-04 13:32:22,462 | client.py:139 | Start sending updated weights to the perun node (client=1)
FL-experiment | INFO flwr 2024-03-04 13:32:22,462 | client.py:147 | Done Training client=1
FL-experiment | DEBUG flwr 2024-03-04 13:32:22,463 | server.py:236 | fit_round 2 received 10 results and 0 failures
FL-experiment | INFO flwr 2024-03-04 13:32:22,463 | server.py:52 | Start Aggregating round=2
FL-experiment | DEBUG flwr 2024-03-04 13:32:22,472 | server.py:173 | evaluate_round 2: strategy sampled 10 clients (out of 10)
FL-experiment | DEBUG flwr 2024-03-04 13:32:25,967 | server.py:187 | evaluate_round 2 received 10 results and 0 failures
FL-experiment | INFO flwr 2024-03-04 13:32:25,967 | server.py:77 | Start evaluating fit round=2
FL-experiment | INFO flwr 2024-03-04 13:32:25,967 | server.py:79 | Done Evaluating fit round=2
FL-experiment | DEBUG flwr 2024-03-04 13:32:25,967 | server.py:80 | Round: 2, Aggregated accuracy: {'accuracy': 0.31548}, Aggregated loss: 596.5643859863281, IPFS hash: storage/aggregated_model_26d0bbfb-b12e-47c3-b103-92ac07d77a96.pkl
FL-experiment | INFO flwr 2024-03-04 13:32:25,967 | server.py:95 | Done Aggregating round=2
FL-experiment | INFO flwr 2024-03-04 13:32:25,967 | server.py:96 | Done Round=2
FL-experiment | INFO flwr 2024-03-04 13:32:25,967 | server.py:98 | Start Round=3
FL-experiment | DEBUG flwr 2024-03-04 13:32:25,967 | server.py:222 | fit_round 3: strategy sampled 10 clients (out of 10)
FL-experiment | INFO flwr 2024-03-04 13:32:25,970 | client.py:126 | Start Training client=1
FL-experiment | INFO flwr 2024-03-04 13:32:25,970 | client.py:126 | Start Training client=0
FL-experiment | INFO flwr 2024-03-04 13:32:25,970 | client.py:126 | Start Training client=7
FL-experiment | INFO flwr 2024-03-04 13:32:25,971 | client.py:126 | Start Training client=5
FL-experiment | INFO flwr 2024-03-04 13:32:25,972 | client.py:126 | Start Training client=6
FL-experiment | INFO flwr 2024-03-04 13:32:25,972 | client.py:126 | Start Training client=8
FL-experiment | INFO flwr 2024-03-04 13:32:25,973 | client.py:126 | Start Training client=2
FL-experiment | INFO flwr 2024-03-04 13:32:25,973 | client.py:126 | Start Training client=4
FL-experiment | INFO flwr 2024-03-04 13:32:25,977 | client.py:126 | Start Training client=3
FL-experiment | INFO flwr 2024-03-04 13:32:26,023 | client.py:126 | Start Training client=9
FL-experiment | INFO flwr 2024-03-04 13:33:16,333 | client.py:139 | Start sending updated weights to the perun node (client=0)
FL-experiment | INFO flwr 2024-03-04 13:33:16,333 | client.py:147 | Done Training client=0
FL-experiment | INFO flwr 2024-03-04 13:33:16,583 | client.py:139 | Start sending updated weights to the perun node (client=5)
FL-experiment | INFO flwr 2024-03-04 13:33:16,583 | client.py:147 | Done Training client=5
FL-experiment | INFO flwr 2024-03-04 13:33:16,669 | client.py:139 | Start sending updated weights to the perun node (client=1)
FL-experiment | INFO flwr 2024-03-04 13:33:16,669 | client.py:147 | Done Training client=1
FL-experiment | INFO flwr 2024-03-04 13:33:16,935 | client.py:139 | Start sending updated weights to the perun node (client=2)
FL-experiment | INFO flwr 2024-03-04 13:33:16,935 | client.py:147 | Done Training client=2
FL-experiment | INFO flwr 2024-03-04 13:33:16,966 | client.py:139 | Start sending updated weights to the perun node (client=9)
FL-experiment | INFO flwr 2024-03-04 13:33:16,966 | client.py:147 | Done Training client=9
FL-experiment | INFO flwr 2024-03-04 13:33:17,046 | client.py:139 | Start sending updated weights to the perun node (client=4)
FL-experiment | INFO flwr 2024-03-04 13:33:17,046 | client.py:139 | Start sending updated weights to the perun node (client=7)
FL-experiment | INFO flwr 2024-03-04 13:33:17,046 | client.py:147 | Done Training client=4
FL-experiment | INFO flwr 2024-03-04 13:33:17,046 | client.py:147 | Done Training client=7
FL-experiment | INFO flwr 2024-03-04 13:33:17,235 | client.py:139 | Start sending updated weights to the perun node (client=3)
FL-experiment | INFO flwr 2024-03-04 13:33:17,235 | client.py:147 | Done Training client=3
FL-experiment | INFO flwr 2024-03-04 13:33:17,236 | client.py:139 | Start sending updated weights to the perun node (client=8)
FL-experiment | INFO flwr 2024-03-04 13:33:17,236 | client.py:147 | Done Training client=8
FL-experiment | INFO flwr 2024-03-04 13:33:17,305 | client.py:139 | Start sending updated weights to the perun node (client=6)
FL-experiment | INFO flwr 2024-03-04 13:33:17,305 | client.py:147 | Done Training client=6
FL-experiment | DEBUG flwr 2024-03-04 13:33:17,306 | server.py:236 | fit_round 3 received 10 results and 0 failures
FL-experiment | INFO flwr 2024-03-04 13:33:17,306 | server.py:52 | Start Aggregating round=3
FL-experiment | DEBUG flwr 2024-03-04 13:33:17,316 | server.py:173 | evaluate_round 3: strategy sampled 10 clients (out of 10)
FL-experiment | DEBUG flwr 2024-03-04 13:33:20,828 | server.py:187 | evaluate_round 3 received 10 results and 0 failures
FL-experiment | INFO flwr 2024-03-04 13:33:20,828 | server.py:77 | Start evaluating fit round=3
FL-experiment | INFO flwr 2024-03-04 13:33:20,828 | server.py:79 | Done Evaluating fit round=3
FL-experiment | DEBUG flwr 2024-03-04 13:33:20,828 | server.py:80 | Round: 3, Aggregated accuracy: {'accuracy': 0.3912}, Aggregated loss: 526.0446044921875, IPFS hash: storage/aggregated_model_7c743a6d-22b9-4be4-8778-bc802d7f5651.pkl
FL-experiment | INFO flwr 2024-03-04 13:33:20,828 | server.py:95 | Done Aggregating round=3
FL-experiment | INFO flwr 2024-03-04 13:33:20,828 | server.py:96 | Done Round=3
FL-experiment | INFO flwr 2024-03-04 13:33:20,828 | server.py:153 | FL finished in 162.8448065
FL-experiment | INFO flwr 2024-03-04 13:33:20,829 | app.py:226 | app_fit: losses_distributed [(1, 718.0658508300781), (2, 596.5643859863281), (3, 526.0446044921875)]
FL-experiment | INFO flwr 2024-03-04 13:33:20,829 | app.py:227 | app_fit: metrics_distributed_fit {}
FL-experiment | INFO flwr 2024-03-04 13:33:20,829 | app.py:228 | app_fit: metrics_distributed {'accuracy': [(1, 0.2156), (2, 0.31548), (3, 0.3912)]}
FL-experiment | INFO flwr 2024-03-04 13:33:20,829 | app.py:229 | app_fit: losses_centralized []
FL-experiment | INFO flwr 2024-03-04 13:33:20,829 | app.py:230 | app_fit: metrics_centralized {}
FL-experiment | DEBUG flwr 2024-03-04 13:33:20,831 | connection.py:141 | gRPC channel closed
FL-experiment | INFO flwr 2024-03-04 13:33:20,832 | app.py:304 | Disconnect and shut down
FL-experiment | DEBUG flwr 2024-03-04 13:33:20,832 | connection.py:141 | gRPC channel closed
FL-experiment | INFO flwr 2024-03-04 13:33:20,832 | app.py:304 | Disconnect and shut down
FL-experiment | DEBUG flwr 2024-03-04 13:33:20,834 | connection.py:141 | gRPC channel closed
FL-experiment | INFO flwr 2024-03-04 13:33:20,834 | app.py:304 | Disconnect and shut down
FL-experiment | DEBUG flwr 2024-03-04 13:33:20,835 | connection.py:141 | gRPC channel closed
FL-experiment | INFO flwr 2024-03-04 13:33:20,835 | app.py:304 | Disconnect and shut down
FL-experiment | DEBUG flwr 2024-03-04 13:33:20,835 | connection.py:141 | gRPC channel closed
FL-experiment | DEBUG flwr 2024-03-04 13:33:20,835 | connection.py:141 | gRPC channel closed
FL-experiment | INFO flwr 2024-03-04 13:33:20,835 | app.py:304 | Disconnect and shut down
FL-experiment | INFO flwr 2024-03-04 13:33:20,835 | app.py:304 | Disconnect and shut down
FL-experiment | DEBUG flwr 2024-03-04 13:33:20,836 | connection.py:141 | gRPC channel closed
FL-experiment | INFO flwr 2024-03-04 13:33:20,836 | app.py:304 | Disconnect and shut down
FL-experiment | DEBUG flwr 2024-03-04 13:33:20,842 | connection.py:141 | gRPC channel closed
FL-experiment | INFO flwr 2024-03-04 13:33:20,842 | app.py:304 | Disconnect and shut down
FL-experiment | DEBUG flwr 2024-03-04 13:33:20,844 | connection.py:141 | gRPC channel closed
FL-experiment | INFO flwr 2024-03-04 13:33:20,844 | app.py:304 | Disconnect and shut down
FL-experiment | DEBUG flwr 2024-03-04 13:33:20,844 | connection.py:141 | gRPC channel closed
FL-experiment | INFO flwr 2024-03-04 13:33:20,844 | app.py:304 | Disconnect and shut down
FL-experiment | INFO flwr 2024-03-04 13:33:21,621 | main.py:54 | Done Experiment
